INFO: Applying HLS Y2K22 patch v1.2 for IP revision
INFO: [HLS 200-10] Running '/tools/Xilinx/Vitis_HLS/2020.2/bin/unwrapped/lnx64.o/vitis_hls'
INFO: [HLS 200-10] For user 'jhigh' on host 'jhigh-XPS-13-9370' (Linux_x86_64 version 5.4.0-113-generic) on Thu Jun 02 15:43:41 PDT 2022
INFO: [HLS 200-10] On os Ubuntu 20.04.4 LTS
INFO: [HLS 200-10] In directory '/home/jhigh/Capstone_Project/main/HARDWARE/HLS_Pjts/PSS_FFTS_SSS/SSS_core'
Sourcing Tcl script '/home/jhigh/Capstone_Project/main/HARDWARE/HLS_Pjts/PSS_FFTS_SSS/SSS_core/hls/solution1/export.tcl'
INFO: [HLS 200-1510] Running: open_project hls 
INFO: [HLS 200-10] Opening project '/home/jhigh/Capstone_Project/main/HARDWARE/HLS_Pjts/PSS_FFTS_SSS/SSS_core/hls'.
INFO: [HLS 200-1510] Running: set_top sss_corr 
INFO: [HLS 200-1510] Running: add_files sss_corr.h 
INFO: [HLS 200-10] Adding design file 'sss_corr.h' to the project
INFO: [HLS 200-1510] Running: add_files sss_corr.cpp 
INFO: [HLS 200-10] Adding design file 'sss_corr.cpp' to the project
INFO: [HLS 200-1510] Running: add_files -tb out2.dat -cflags -Wno-unknown-pragmas -csimflags -Wno-unknown-pragmas 
INFO: [HLS 200-10] Adding test bench file 'out2.dat' to the project
INFO: [HLS 200-1510] Running: add_files -tb out1.dat -cflags -Wno-unknown-pragmas -csimflags -Wno-unknown-pragmas 
INFO: [HLS 200-10] Adding test bench file 'out1.dat' to the project
INFO: [HLS 200-1510] Running: add_files -tb output.dat -cflags -Wno-unknown-pragmas -csimflags -Wno-unknown-pragmas 
INFO: [HLS 200-10] Adding test bench file 'output.dat' to the project
INFO: [HLS 200-1510] Running: add_files -tb input.real.dat -cflags -Wno-unknown-pragmas -csimflags -Wno-unknown-pragmas 
INFO: [HLS 200-10] Adding test bench file 'input.real.dat' to the project
INFO: [HLS 200-1510] Running: add_files -tb input.imag.dat -cflags -Wno-unknown-pragmas -csimflags -Wno-unknown-pragmas 
INFO: [HLS 200-10] Adding test bench file 'input.imag.dat' to the project
INFO: [HLS 200-1510] Running: add_files -tb sss_corr_test.cpp -cflags -Wno-unknown-pragmas -csimflags -Wno-unknown-pragmas 
INFO: [HLS 200-10] Adding test bench file 'sss_corr_test.cpp' to the project
INFO: [HLS 200-1510] Running: open_solution solution1 -flow_target vivado 
INFO: [HLS 200-10] Opening solution '/home/jhigh/Capstone_Project/main/HARDWARE/HLS_Pjts/PSS_FFTS_SSS/SSS_core/hls/solution1'.
INFO: [SYN 201-201] Setting up clock 'default' with a period of 16ns.
INFO: [HLS 200-10] Setting target device to 'xczu28dr-ffvg1517-2-e'
INFO: [HLS 200-1505] Using flow_target 'vivado'
Resolution: For help on HLS 200-1505 see www.xilinx.com/cgi-bin/docs/rdoc?v=2020.2;t=hls+guidance;d=200-1505.html
INFO: [HLS 200-1510] Running: set_part xczu28dr-ffvg1517-2-e 
INFO: [HLS 200-1510] Running: create_clock -period 16 -name default 
INFO: [HLS 200-1510] Running: export_design -rtl verilog -format ip_catalog -output /home/jhigh/Capstone_Project/main/HARDWARE/HLS_Pjts/sss_corr.zip 
INFO: [IMPL 213-8] Exporting RTL as a Vivado IP.

****** Vivado v2020.2 (64-bit)
  **** SW Build 3064766 on Wed Nov 18 09:12:47 MST 2020
  **** IP Build 3064653 on Wed Nov 18 14:17:31 MST 2020
    ** Copyright 1986-2020 Xilinx, Inc. All Rights Reserved.

source run_ippack.tcl -notrace
INFO: [IP_Flow 19-234] Refreshing IP repositories
INFO: [IP_Flow 19-1704] No user IP repositories specified
INFO: [IP_Flow 19-2313] Loaded Vivado IP repository '/tools/Xilinx/Vivado/2020.2/data/ip'.
create_ip: Time (s): cpu = 00:00:04 ; elapsed = 00:00:10 . Memory (MB): peak = 2422.453 ; gain = 43.008 ; free physical = 4046 ; free virtual = 42908
INFO: [IP_Flow 19-1686] Generating 'Synthesis' target for IP 'FAcc'...
INFO: [IP_Flow 19-1686] Generating 'Simulation' target for IP 'FAcc'...
WARNING: [IP_Flow 19-4832] The IP name 'sss_corr_ap_faddfsub_1_full_dsp_32' you have specified is long. The Windows operating system has path length limitations. It is recommended you use shorter names to reduce the likelihood of issues.
INFO: [IP_Flow 19-1686] Generating 'Synthesis' target for IP 'sss_corr_ap_faddfsub_1_full_dsp_32'...
INFO: [IP_Flow 19-1686] Generating 'Simulation' target for IP 'sss_corr_ap_faddfsub_1_full_dsp_32'...
WARNING: [IP_Flow 19-4832] The IP name 'sss_corr_ap_fmul_0_max_dsp_32' you have specified is long. The Windows operating system has path length limitations. It is recommended you use shorter names to reduce the likelihood of issues.
INFO: [IP_Flow 19-1686] Generating 'Synthesis' target for IP 'sss_corr_ap_fmul_0_max_dsp_32'...
INFO: [IP_Flow 19-1686] Generating 'Simulation' target for IP 'sss_corr_ap_fmul_0_max_dsp_32'...
WARNING: [IP_Flow 19-4832] The IP name 'sss_corr_ap_fsqrt_4_no_dsp_32' you have specified is long. The Windows operating system has path length limitations. It is recommended you use shorter names to reduce the likelihood of issues.
INFO: [IP_Flow 19-1686] Generating 'Synthesis' target for IP 'sss_corr_ap_fsqrt_4_no_dsp_32'...
INFO: [IP_Flow 19-1686] Generating 'Simulation' target for IP 'sss_corr_ap_fsqrt_4_no_dsp_32'...
INFO: [IP_Flow 19-234] Refreshing IP repositories
INFO: [IP_Flow 19-1704] No user IP repositories specified
INFO: [IP_Flow 19-2313] Loaded Vivado IP repository '/tools/Xilinx/Vivado/2020.2/data/ip'.
INFO: [Common 17-206] Exiting Vivado at Thu Jun  2 15:44:23 2022...
INFO: [HLS 200-802] Generated output file /home/jhigh/Capstone_Project/main/HARDWARE/HLS_Pjts/sss_corr.zip
INFO: [HLS 200-111] Finished Command export_design CPU user time: 30.71 seconds. CPU system time: 9.62 seconds. Elapsed time: 42.99 seconds; current allocated memory: 202.894 MB.
