INFO-FLOW: Workspace /home/jhigh/Capstone_Project/main/Hardware/HLS_Pjts/freq_est/cp_corr/hls/solution1 opened at Sun May 29 22:18:27 PDT 2022
Execute     send_msg_by_id INFO @200-1505@%s%s default  vivado 
INFO: [HLS 200-1505] Using default flow_target 'vivado'
Execute     get_config_interface -m_axi_latency 
Execute     get_config_interface -m_axi_alignment_byte_size 
Execute     get_config_interface -m_axi_max_widen_bitwidth 
Execute     get_config_interface -default_interface 
Execute     get_config_interface -m_axi_offset 
Execute     get_config_rtl -register_reset_num 
Execute   set_part xczu28dr-ffvg1517-2-e 
INFO: [HLS 200-1510] Running: set_part xczu28dr-ffvg1517-2-e 
INFO-FLOW: DBG:set_part: XILINX_VIVADO=/tools/Xilinx/Vivado/2020.2
INFO-FLOW: DBG:set_part: RDI_DATADIR=/tools/Xilinx/Vivado/2020.2/data:/tools/Xilinx/Vitis_HLS/2020.2/data
Execute     ap_part_info -name xczu28dr-ffvg1517-2-e -data single -quiet 
DBG:HLSDevice: Trying to load device library: /tools/Xilinx/Vitis_HLS/2020.2/lib/lnx64.o/librdi_hlsvwrap.so
DBG:HLSDevice: first parts/arch.xml in RDI_DATADIR: /tools/Xilinx/Vivado/2020.2/data/parts/arch.xml
Command     ap_part_info done; 2.27 sec.
Execute     ap_part_info -name xczu28dr-ffvg1517-2-e -data info 
Execute     add_library xilinx/zynquplus/zynquplus:xczu28dr:-ffvg1517:-2-e 
Execute       get_default_platform 
Execute       open_platform DefaultPlatform 
Execute       ap_part_info -data single -name xczu28dr-ffvg1517-2-e 
Execute       ap_part_info -name xczu28dr-ffvg1517-2-e -data resources 
Execute       config_chip_info -resource {SLICE 53160} {LUT 425280} {FF 850560} {DSP 4272} {BRAM 2160} {URAM 80} 
Execute       ap_part_info -name xczu28dr-ffvg1517-2-e -data info 
Execute       config_chip_info -speed medium 
Execute       ap_part_info -name xczu28dr-ffvg1517-2-e -data info 
Execute       config_library_info -library zynquplus_medium 
Execute       config_library_info -family zynquplus 
Execute       config_library_info -part xczu28dr:-ffvg1517:-2-e 
Execute       import_lib /tools/Xilinx/Vitis_HLS/2020.2/common/technology/xilinx/zynquplus/zynquplus 
Execute         source /tools/Xilinx/Vitis_HLS/2020.2/common/technology/xilinx/interface/xilinx_interface.hlp 
Execute           source /tools/Xilinx/Vitis_HLS/2020.2/common/technology/xilinx/interface/maxi.hlp 
Execute           source /tools/Xilinx/Vitis_HLS/2020.2/common/technology/xilinx/interface/saxilite.hlp 
Execute         source /tools/Xilinx/Vitis_HLS/2020.2/common/technology/xilinx/DSP48/dsp48.hlp 
Execute         source /tools/Xilinx/Vitis_HLS/2020.2/common/technology/xilinx/DSP48/zynquplus_dsp48e2.hlp 
Execute       source /tools/Xilinx/Vitis_HLS/2020.2/common/technology/xilinx/common/xilinx.gen 
Execute         source /tools/Xilinx/Vitis_HLS/2020.2/common/technology/xilinx/interface/plb46.gen 
Execute         source /tools/Xilinx/Vitis_HLS/2020.2/common/technology/xilinx/interface/axi4.gen 
Execute         source /tools/Xilinx/Vitis_HLS/2020.2/common/technology/xilinx/interface/nativeAXI4.gen 
Execute           source /tools/Xilinx/Vitis_HLS/2020.2/common/technology/xilinx/interface/saxilite.gen 
Execute           source /tools/Xilinx/Vitis_HLS/2020.2/common/technology/xilinx/interface/maxi.gen 
Execute         source /tools/Xilinx/Vitis_HLS/2020.2/common/technology/xilinx/scripts/xilinxcoregen.gen 
Execute         source /tools/Xilinx/Vitis_HLS/2020.2/common/technology/xilinx/interface/XilEDKCoreGen.gen 
Execute         source /tools/Xilinx/Vitis_HLS/2020.2/common/technology/xilinx/ip/dds_compiler.gen 
Execute         source /tools/Xilinx/Vitis_HLS/2020.2/common/technology/xilinx/ip/util.gen 
Execute         source /tools/Xilinx/Vitis_HLS/2020.2/common/technology/xilinx/ip/xfft.gen 
Execute         source /tools/Xilinx/Vitis_HLS/2020.2/common/technology/xilinx/ip/xfir.gen 
Execute         source /tools/Xilinx/Vitis_HLS/2020.2/common/technology/xilinx/DSP48/dsp48.gen 
Command       ap_source done; 0.3 sec.
Command     add_library done; 0.4 sec.
INFO: [HLS 200-10] Setting target device to 'xczu28dr-ffvg1517-2-e'
Execute     ap_part_info -name xczu28dr-ffvg1517-2-e -data info 
Execute     config_compile -quiet -complex-mul-dsp=0 
Command   set_part done; 2.73 sec.
Execute   create_clock -period 3.3 
INFO: [HLS 200-1510] Running: create_clock -period 3.3 
Execute     ap_set_clock -name default -period 3.3 -default=false 
INFO: [SYN 201-201] Setting up clock 'default' with a period of 3.3ns.
Execute   source ./directives.tcl 
Command ap_source done; 2.78 sec.
Execute cleanup_all 
INFO-FLOW: Workspace /home/jhigh/Capstone_Project/main/Hardware/HLS_Pjts/freq_est/cp_corr/hls/solution1 opened at Sun May 29 22:19:29 PDT 2022
Execute     ap_set_clock -name default -period 3.3 -default=false 
INFO: [SYN 201-201] Setting up clock 'default' with a period of 3.3ns.
Execute     import_lib /tools/Xilinx/Vitis_HLS/2020.2/common/technology/xilinx/zynquplus/zynquplus 
Execute       source /tools/Xilinx/Vitis_HLS/2020.2/common/technology/xilinx/interface/xilinx_interface.hlp 
Execute         source /tools/Xilinx/Vitis_HLS/2020.2/common/technology/xilinx/interface/maxi.hlp 
Execute         source /tools/Xilinx/Vitis_HLS/2020.2/common/technology/xilinx/interface/saxilite.hlp 
Execute       source /tools/Xilinx/Vitis_HLS/2020.2/common/technology/xilinx/DSP48/dsp48.hlp 
Execute     source /tools/Xilinx/Vitis_HLS/2020.2/common/technology/xilinx/common/xilinx.gen 
Execute       source /tools/Xilinx/Vitis_HLS/2020.2/common/technology/xilinx/interface/plb46.gen 
Execute       source /tools/Xilinx/Vitis_HLS/2020.2/common/technology/xilinx/interface/axi4.gen 
Execute       source /tools/Xilinx/Vitis_HLS/2020.2/common/technology/xilinx/interface/nativeAXI4.gen 
Execute         source /tools/Xilinx/Vitis_HLS/2020.2/common/technology/xilinx/interface/saxilite.gen 
Execute         source /tools/Xilinx/Vitis_HLS/2020.2/common/technology/xilinx/interface/maxi.gen 
Execute       source /tools/Xilinx/Vitis_HLS/2020.2/common/technology/xilinx/scripts/xilinxcoregen.gen 
Execute       source /tools/Xilinx/Vitis_HLS/2020.2/common/technology/xilinx/interface/XilEDKCoreGen.gen 
Execute       source /tools/Xilinx/Vitis_HLS/2020.2/common/technology/xilinx/ip/dds_compiler.gen 
Execute       source /tools/Xilinx/Vitis_HLS/2020.2/common/technology/xilinx/ip/util.gen 
Execute       source /tools/Xilinx/Vitis_HLS/2020.2/common/technology/xilinx/ip/xfft.gen 
Execute       source /tools/Xilinx/Vitis_HLS/2020.2/common/technology/xilinx/ip/xfir.gen 
Execute       source /tools/Xilinx/Vitis_HLS/2020.2/common/technology/xilinx/DSP48/dsp48.gen 
Execute     set_part xczu28dr-ffvg1517-2-e 
INFO-FLOW: DBG:set_part: XILINX_VIVADO=/tools/Xilinx/Vivado/2020.2
INFO-FLOW: DBG:set_part: RDI_DATADIR=/tools/Xilinx/Vivado/2020.2/data:/tools/Xilinx/Vitis_HLS/2020.2/data
Execute       ap_part_info -name xczu28dr-ffvg1517-2-e -data single -quiet 
DBG:HLSDevice: Trying to load device library: /tools/Xilinx/Vitis_HLS/2020.2/lib/lnx64.o/librdi_hlsvwrap.so
DBG:HLSDevice: first parts/arch.xml in RDI_DATADIR: /tools/Xilinx/Vivado/2020.2/data/parts/arch.xml
Command       ap_part_info done; 2.46 sec.
Execute       ap_part_info -name xczu28dr-ffvg1517-2-e -data info 
Execute       add_library xilinx/zynquplus/zynquplus:xczu28dr:-ffvg1517:-2-e 
Execute         get_default_platform 
Execute         open_platform DefaultPlatform 
Execute         ap_part_info -data single -name xczu28dr-ffvg1517-2-e 
Execute         ap_part_info -name xczu28dr-ffvg1517-2-e -data resources 
Execute         config_chip_info -resource {SLICE 53160} {LUT 425280} {FF 850560} {DSP 4272} {BRAM 2160} {URAM 80} 
Execute         ap_part_info -name xczu28dr-ffvg1517-2-e -data info 
Execute         config_chip_info -speed medium 
Execute         ap_part_info -name xczu28dr-ffvg1517-2-e -data info 
Execute         config_library_info -library zynquplus_medium 
Execute         config_library_info -family zynquplus 
Execute         config_library_info -part xczu28dr:-ffvg1517:-2-e 
Execute         import_lib /tools/Xilinx/Vitis_HLS/2020.2/common/technology/xilinx/zynquplus/zynquplus 
Execute           source /tools/Xilinx/Vitis_HLS/2020.2/common/technology/xilinx/interface/xilinx_interface.hlp 
Execute             source /tools/Xilinx/Vitis_HLS/2020.2/common/technology/xilinx/interface/maxi.hlp 
Execute             source /tools/Xilinx/Vitis_HLS/2020.2/common/technology/xilinx/interface/saxilite.hlp 
Execute           source /tools/Xilinx/Vitis_HLS/2020.2/common/technology/xilinx/DSP48/dsp48.hlp 
Execute           source /tools/Xilinx/Vitis_HLS/2020.2/common/technology/xilinx/DSP48/zynquplus_dsp48e2.hlp 
Execute         source /tools/Xilinx/Vitis_HLS/2020.2/common/technology/xilinx/common/xilinx.gen 
Execute           source /tools/Xilinx/Vitis_HLS/2020.2/common/technology/xilinx/interface/plb46.gen 
Execute           source /tools/Xilinx/Vitis_HLS/2020.2/common/technology/xilinx/interface/axi4.gen 
Execute           source /tools/Xilinx/Vitis_HLS/2020.2/common/technology/xilinx/interface/nativeAXI4.gen 
Execute             source /tools/Xilinx/Vitis_HLS/2020.2/common/technology/xilinx/interface/saxilite.gen 
Execute             source /tools/Xilinx/Vitis_HLS/2020.2/common/technology/xilinx/interface/maxi.gen 
Execute           source /tools/Xilinx/Vitis_HLS/2020.2/common/technology/xilinx/scripts/xilinxcoregen.gen 
Execute           source /tools/Xilinx/Vitis_HLS/2020.2/common/technology/xilinx/interface/XilEDKCoreGen.gen 
Execute           source /tools/Xilinx/Vitis_HLS/2020.2/common/technology/xilinx/ip/dds_compiler.gen 
Execute           source /tools/Xilinx/Vitis_HLS/2020.2/common/technology/xilinx/ip/util.gen 
Execute           source /tools/Xilinx/Vitis_HLS/2020.2/common/technology/xilinx/ip/xfft.gen 
Execute           source /tools/Xilinx/Vitis_HLS/2020.2/common/technology/xilinx/ip/xfir.gen 
Execute           source /tools/Xilinx/Vitis_HLS/2020.2/common/technology/xilinx/DSP48/dsp48.gen 
Command         ap_source done; 0.15 sec.
Command       add_library done; 0.28 sec.
INFO: [HLS 200-10] Setting target device to 'xczu28dr-ffvg1517-2-e'
Execute       ap_part_info -name xczu28dr-ffvg1517-2-e -data info 
Execute       config_compile -quiet -complex-mul-dsp=0 
Command     set_part done; 2.82 sec.
Execute     ap_part_info -data single -name xczu28dr-ffvg1517-2-e 
Execute     ap_part_info -name xczu28dr-ffvg1517-2-e -data resources 
Execute     config_chip_info -resource {SLICE 53160} {LUT 425280} {FF 850560} {DSP 4272} {BRAM 2160} {URAM 80} 
Execute     ap_part_info -name xczu28dr-ffvg1517-2-e -data info 
Execute     config_chip_info -speed medium 
Execute     send_msg_by_id INFO @200-1505@%s%s  vivado 
INFO: [HLS 200-1505] Using flow_target 'vivado'
Execute     get_config_interface -m_axi_latency 
Execute     get_config_interface -m_axi_alignment_byte_size 
Execute     get_config_interface -m_axi_max_widen_bitwidth 
Execute     get_config_interface -default_interface 
Execute     get_config_interface -m_axi_offset 
Execute     get_config_rtl -register_reset_num 
Command   open_solution done; 2.98 sec.
Execute   set_part xczu28dr-ffvg1517-2-e 
INFO: [HLS 200-1510] Running: set_part xczu28dr-ffvg1517-2-e 
INFO-FLOW: DBG:set_part: XILINX_VIVADO=/tools/Xilinx/Vivado/2020.2
INFO-FLOW: DBG:set_part: RDI_DATADIR=/tools/Xilinx/Vivado/2020.2/data:/tools/Xilinx/Vitis_HLS/2020.2/data
Execute     ap_part_info -name xczu28dr-ffvg1517-2-e -data single -quiet 
Execute     ap_part_info -name xczu28dr-ffvg1517-2-e -data info 
Execute     add_library xilinx/zynquplus/zynquplus:xczu28dr:-ffvg1517:-2-e 
Execute       get_default_platform 
Execute       open_platform DefaultPlatform 
Execute       ap_part_info -data single -name xczu28dr-ffvg1517-2-e 
Execute       ap_part_info -name xczu28dr-ffvg1517-2-e -data resources 
Execute       config_chip_info -resource {SLICE 53160} {LUT 425280} {FF 850560} {DSP 4272} {BRAM 2160} {URAM 80} 
Execute       ap_part_info -name xczu28dr-ffvg1517-2-e -data info 
Execute       config_chip_info -speed medium 
Execute       ap_part_info -name xczu28dr-ffvg1517-2-e -data info 
Execute       config_library_info -library zynquplus_medium 
Execute       config_library_info -family zynquplus 
Execute       config_library_info -part xczu28dr:-ffvg1517:-2-e 
Execute       import_lib /tools/Xilinx/Vitis_HLS/2020.2/common/technology/xilinx/zynquplus/zynquplus 
Execute         source /tools/Xilinx/Vitis_HLS/2020.2/common/technology/xilinx/interface/xilinx_interface.hlp 
Execute           source /tools/Xilinx/Vitis_HLS/2020.2/common/technology/xilinx/interface/maxi.hlp 
Execute           source /tools/Xilinx/Vitis_HLS/2020.2/common/technology/xilinx/interface/saxilite.hlp 
Execute         source /tools/Xilinx/Vitis_HLS/2020.2/common/technology/xilinx/DSP48/dsp48.hlp 
Execute         source /tools/Xilinx/Vitis_HLS/2020.2/common/technology/xilinx/DSP48/zynquplus_dsp48e2.hlp 
Execute       source /tools/Xilinx/Vitis_HLS/2020.2/common/technology/xilinx/common/xilinx.gen 
Execute         source /tools/Xilinx/Vitis_HLS/2020.2/common/technology/xilinx/interface/plb46.gen 
Execute         source /tools/Xilinx/Vitis_HLS/2020.2/common/technology/xilinx/interface/axi4.gen 
Execute         source /tools/Xilinx/Vitis_HLS/2020.2/common/technology/xilinx/interface/nativeAXI4.gen 
Execute           source /tools/Xilinx/Vitis_HLS/2020.2/common/technology/xilinx/interface/saxilite.gen 
Execute           source /tools/Xilinx/Vitis_HLS/2020.2/common/technology/xilinx/interface/maxi.gen 
Execute         source /tools/Xilinx/Vitis_HLS/2020.2/common/technology/xilinx/scripts/xilinxcoregen.gen 
Execute         source /tools/Xilinx/Vitis_HLS/2020.2/common/technology/xilinx/interface/XilEDKCoreGen.gen 
Execute         source /tools/Xilinx/Vitis_HLS/2020.2/common/technology/xilinx/ip/dds_compiler.gen 
Execute         source /tools/Xilinx/Vitis_HLS/2020.2/common/technology/xilinx/ip/util.gen 
Execute         source /tools/Xilinx/Vitis_HLS/2020.2/common/technology/xilinx/ip/xfft.gen 
Execute         source /tools/Xilinx/Vitis_HLS/2020.2/common/technology/xilinx/ip/xfir.gen 
Execute         source /tools/Xilinx/Vitis_HLS/2020.2/common/technology/xilinx/DSP48/dsp48.gen 
Command       ap_source done; 0.13 sec.
Command     add_library done; 0.2 sec.
Execute     ap_part_info -name xczu28dr-ffvg1517-2-e -data info 
Execute     config_compile -quiet -complex-mul-dsp=0 
Command   set_part done; 0.28 sec.
Execute   create_clock -period 3.3 -name default 
INFO: [HLS 200-1510] Running: create_clock -period 3.3 -name default 
Execute   csim_design -clean -quiet 
INFO: [HLS 200-1510] Running: csim_design -clean -quiet 
INFO: [SIM 211-2] *************** CSIM start ***************
INFO: [SIM 211-4] CSIM will launch GCC as the compiler.
Execute     ap_part_info -name xczu28dr-ffvg1517-2-e -data info 
Execute     source run_sim.tcl 
Command     ap_source done; 1.06 sec.
INFO: [SIM 211-1] CSim done with 0 errors.
INFO: [SIM 211-3] *************** CSIM finish ***************
Command   csim_design done; 5.53 sec.
INFO: [HLS 200-111] Finished Command csim_design CPU user time: 4.41 seconds. CPU system time: 0.42 seconds. Elapsed time: 5.53 seconds; current allocated memory: 208.261 MB.
Command ap_source done; 8.88 sec.
Execute cleanup_all 
