

================================================================
== Vitis HLS Report for 'get_sss_id'
================================================================
* Date:           Thu Jun  2 15:34:40 2022

* Version:        2020.2 (Build 3064766 on Wed Nov 18 09:12:47 MST 2020)
* Project:        hls
* Solution:       solution1 (Vivado IP Flow Target)
* Product family: zynquplus
* Target device:  xczu28dr-ffvg1517-2-e


================================================================
== Performance Estimates
================================================================
+ Timing: 
    * Summary: 
    +--------+----------+-----------+------------+
    |  Clock |  Target  | Estimated | Uncertainty|
    +--------+----------+-----------+------------+
    |ap_clk  |  16.00 ns|  21.088 ns|     4.32 ns|
    +--------+----------+-----------+------------+

+ Latency: 
    * Summary: 
    +---------+---------+-----------+----------+-----+-------+---------+
    |  Latency (cycles) |  Latency (absolute)  |   Interval  | Pipeline|
    |   min   |   max   |    min    |    max   | min |  max  |   Type  |
    +---------+---------+-----------+----------+-----+-------+---------+
    |        1|    91394|  21.088 ns|  1.927 ms|    1|  91394|     none|
    +---------+---------+-----------+----------+-----+-------+---------+

    + Detail: 
        * Instance: 
        N/A

        * Loop: 
        +---------------------+---------+---------+----------+-----------+-----------+------+----------+
        |                     |  Latency (cycles) | Iteration|  Initiation Interval  | Trip |          |
        |      Loop Name      |   min   |   max   |  Latency |  achieved |   target  | Count| Pipelined|
        +---------------------+---------+---------+----------+-----------+-----------+------+----------+
        |- VITIS_LOOP_49_1    |    45696|    45696|       272|          -|          -|   168|        no|
        | + VITIS_LOOP_51_2   |      259|      259|         6|          2|          1|   128|       yes|
        |- VITIS_LOOP_65_1    |    45696|    45696|       272|          -|          -|   168|        no|
        | + VITIS_LOOP_67_2   |      259|      259|         6|          2|          1|   128|       yes|
        |- VITIS_LOOP_81_1    |    45696|    45696|       272|          -|          -|   168|        no|
        | + VITIS_LOOP_83_2   |      259|      259|         6|          2|          1|   128|       yes|
        |- VITIS_LOOP_97_1    |    45696|    45696|       272|          -|          -|   168|        no|
        | + VITIS_LOOP_99_2   |      259|      259|         6|          2|          1|   128|       yes|
        |- VITIS_LOOP_113_1   |    45696|    45696|       272|          -|          -|   168|        no|
        | + VITIS_LOOP_115_2  |      259|      259|         6|          2|          1|   128|       yes|
        |- VITIS_LOOP_129_1   |    45696|    45696|       272|          -|          -|   168|        no|
        | + VITIS_LOOP_131_2  |      259|      259|         6|          2|          1|   128|       yes|
        +---------------------+---------+---------+----------+-----------+-----------+------+----------+



================================================================
== Utilization Estimates
================================================================
* Summary: 
+-----------------+---------+------+--------+--------+-----+
|       Name      | BRAM_18K|  DSP |   FF   |   LUT  | URAM|
+-----------------+---------+------+--------+--------+-----+
|DSP              |        -|     -|       -|       -|    -|
|Expression       |        -|     -|       0|     528|    -|
|FIFO             |        -|     -|       -|       -|    -|
|Instance         |        -|     8|    1087|    5186|    -|
|Memory           |      240|     -|       0|       0|    -|
|Multiplexer      |        -|     -|       -|    1251|    -|
|Register         |        -|     -|    1521|     192|    -|
+-----------------+---------+------+--------+--------+-----+
|Total            |      240|     8|    2608|    7157|    0|
+-----------------+---------+------+--------+--------+-----+
|Available        |     2160|  4272|  850560|  425280|   80|
+-----------------+---------+------+--------+--------+-----+
|Utilization (%)  |       11|    ~0|      ~0|       1|    0|
+-----------------+---------+------+--------+--------+-----+

+ Detail: 
    * Instance: 
    +---------------------------------------+------------------------------------+---------+----+-----+-----+-----+
    |                Instance               |               Module               | BRAM_18K| DSP|  FF | LUT | URAM|
    +---------------------------------------+------------------------------------+---------+----+-----+-----+-----+
    |facc_32ns_32ns_1ns_32_2_no_dsp_1_U5    |facc_32ns_32ns_1ns_32_2_no_dsp_1    |        0|   0|  109|  787|    0|
    |facc_32ns_32ns_1ns_32_2_no_dsp_1_U6    |facc_32ns_32ns_1ns_32_2_no_dsp_1    |        0|   0|  109|  787|    0|
    |facc_32ns_32ns_1ns_32_2_no_dsp_1_U7    |facc_32ns_32ns_1ns_32_2_no_dsp_1    |        0|   0|  109|  787|    0|
    |facc_32ns_32ns_1ns_32_2_no_dsp_1_U8    |facc_32ns_32ns_1ns_32_2_no_dsp_1    |        0|   0|  109|  787|    0|
    |facc_32ns_32ns_1ns_32_2_no_dsp_1_U9    |facc_32ns_32ns_1ns_32_2_no_dsp_1    |        0|   0|  109|  787|    0|
    |facc_32ns_32ns_1ns_32_2_no_dsp_1_U10   |facc_32ns_32ns_1ns_32_2_no_dsp_1    |        0|   0|  109|  787|    0|
    |faddfsub_32ns_32ns_32_3_full_dsp_1_U1  |faddfsub_32ns_32ns_32_3_full_dsp_1  |        0|   2|  177|  194|    0|
    |fmul_32ns_32ns_32_2_max_dsp_1_U2       |fmul_32ns_32ns_32_2_max_dsp_1       |        0|   3|  128|  135|    0|
    |fmul_32ns_32ns_32_2_max_dsp_1_U3       |fmul_32ns_32ns_32_2_max_dsp_1       |        0|   3|  128|  135|    0|
    |fsqrt_32ns_32ns_32_6_no_dsp_1_U4       |fsqrt_32ns_32ns_32_6_no_dsp_1       |        0|   0|    0|    0|    0|
    +---------------------------------------+------------------------------------+---------+----+-----+-----+-----+
    |Total                                  |                                    |        0|   8| 1087| 5186|    0|
    +---------------------------------------+------------------------------------+---------+----+-----+-----+-----+

    * DSP: 
    N/A

    * Memory: 
    +----------+-------------------+---------+---+----+-----+-------+-----+------+-------------+
    |  Memory  |       Module      | BRAM_18K| FF| LUT| URAM| Words | Bits| Banks| W*Bits*Banks|
    +----------+-------------------+---------+---+----+-----+-------+-----+------+-------------+
    |ss_1_0_U  |get_sss_id_ss_1_0  |       40|  0|   0|    0|  21504|   32|     1|       688128|
    |ss_1_1_U  |get_sss_id_ss_1_1  |       40|  0|   0|    0|  21504|   32|     1|       688128|
    |ss_1_2_U  |get_sss_id_ss_1_2  |       40|  0|   0|    0|  21504|   32|     1|       688128|
    |ss_2_0_U  |get_sss_id_ss_2_0  |       40|  0|   0|    0|  21504|   32|     1|       688128|
    |ss_2_1_U  |get_sss_id_ss_2_1  |       40|  0|   0|    0|  21504|   32|     1|       688128|
    |ss_2_2_U  |get_sss_id_ss_2_2  |       40|  0|   0|    0|  21504|   32|     1|       688128|
    +----------+-------------------+---------+---+----+-----+-------+-----+------+-------------+
    |Total     |                   |      240|  0|   0|    0| 129024|  192|     6|      4128768|
    +----------+-------------------+---------+---+----+-----+-------+-----+------+-------------+

    * FIFO: 
    N/A

    * Expression: 
    +-------------------------+----------+----+---+----+------------+------------+
    |      Variable Name      | Operation| DSP| FF| LUT| Bitwidth P0| Bitwidth P1|
    +-------------------------+----------+----+---+----+------------+------------+
    |add_ln101_fu_981_p2      |         +|   0|  0|  22|          15|          15|
    |add_ln113_fu_707_p2      |         +|   0|  0|  15|           8|           1|
    |add_ln115_fu_731_p2      |         +|   0|  0|  15|           8|           1|
    |add_ln117_fu_753_p2      |         +|   0|  0|  22|          15|          15|
    |add_ln129_fu_775_p2      |         +|   0|  0|  15|           8|           1|
    |add_ln131_fu_847_p2      |         +|   0|  0|  15|           8|           1|
    |add_ln133_fu_869_p2      |         +|   0|  0|  22|          15|          15|
    |add_ln49_fu_1003_p2      |         +|   0|  0|  15|           8|           1|
    |add_ln51_fu_1053_p2      |         +|   0|  0|  15|           8|           1|
    |add_ln53_fu_1043_p2      |         +|   0|  0|  22|          15|          15|
    |add_ln65_fu_823_p2       |         +|   0|  0|  15|           8|           1|
    |add_ln67_fu_1071_p2      |         +|   0|  0|  15|           8|           1|
    |add_ln69_fu_1093_p2      |         +|   0|  0|  22|          15|          15|
    |add_ln81_fu_891_p2       |         +|   0|  0|  15|           8|           1|
    |add_ln83_fu_915_p2       |         +|   0|  0|  15|           8|           1|
    |add_ln85_fu_937_p2       |         +|   0|  0|  22|          15|          15|
    |add_ln97_fu_799_p2       |         +|   0|  0|  15|           8|           1|
    |add_ln99_fu_959_p2       |         +|   0|  0|  15|           8|           1|
    |icmp_ln101_fu_991_p2     |      icmp|   0|  0|  11|           8|           9|
    |icmp_ln113_fu_713_p2     |      icmp|   0|  0|  11|           8|           8|
    |icmp_ln115_fu_737_p2     |      icmp|   0|  0|  11|           8|           9|
    |icmp_ln117_fu_763_p2     |      icmp|   0|  0|  11|           8|           9|
    |icmp_ln129_fu_781_p2     |      icmp|   0|  0|  11|           8|           8|
    |icmp_ln131_fu_853_p2     |      icmp|   0|  0|  11|           8|           9|
    |icmp_ln133_fu_879_p2     |      icmp|   0|  0|  11|           8|           9|
    |icmp_ln49_fu_1009_p2     |      icmp|   0|  0|  11|           8|           8|
    |icmp_ln51_fu_1027_p2     |      icmp|   0|  0|  11|           8|           9|
    |icmp_ln53_fu_1059_p2     |      icmp|   0|  0|  11|           8|           9|
    |icmp_ln65_fu_829_p2      |      icmp|   0|  0|  11|           8|           8|
    |icmp_ln67_fu_1077_p2     |      icmp|   0|  0|  11|           8|           9|
    |icmp_ln69_fu_1103_p2     |      icmp|   0|  0|  11|           8|           9|
    |icmp_ln81_fu_897_p2      |      icmp|   0|  0|  11|           8|           8|
    |icmp_ln83_fu_921_p2      |      icmp|   0|  0|  11|           8|           9|
    |icmp_ln85_fu_947_p2      |      icmp|   0|  0|  11|           8|           9|
    |icmp_ln97_fu_805_p2      |      icmp|   0|  0|  11|           8|           8|
    |icmp_ln99_fu_965_p2      |      icmp|   0|  0|  11|           8|           9|
    |ap_enable_pp0            |       xor|   0|  0|   2|           1|           2|
    |ap_enable_pp1            |       xor|   0|  0|   2|           1|           2|
    |ap_enable_pp2            |       xor|   0|  0|   2|           1|           2|
    |ap_enable_pp3            |       xor|   0|  0|   2|           1|           2|
    |ap_enable_pp4            |       xor|   0|  0|   2|           1|           2|
    |ap_enable_pp5            |       xor|   0|  0|   2|           1|           2|
    |ap_enable_reg_pp0_iter1  |       xor|   0|  0|   2|           2|           1|
    |ap_enable_reg_pp2_iter1  |       xor|   0|  0|   2|           2|           1|
    |ap_enable_reg_pp4_iter1  |       xor|   0|  0|   2|           2|           1|
    +-------------------------+----------+----+---+----+------------+------------+
    |Total                    |          |   0|  0| 528|         342|         273|
    +-------------------------+----------+----+---+----+------------+------------+

    * Multiplexer: 
    +------------------------------------+-----+-----------+-----+-----------+
    |                Name                | LUT | Input Size| Bits| Total Bits|
    +------------------------------------+-----+-----------+-----+-----------+
    |IN_I_address0                       |   37|          7|    7|         49|
    |IN_R_address0                       |   37|          7|    7|         49|
    |OUT_1_address0                      |   20|          4|    8|         32|
    |OUT_2_address0                      |   20|          4|    8|         32|
    |ap_NS_fsm                           |  441|         84|    1|         84|
    |ap_enable_reg_pp0_iter1             |    9|          2|    1|          2|
    |ap_enable_reg_pp0_iter2             |    9|          2|    1|          2|
    |ap_enable_reg_pp1_iter2             |    9|          2|    1|          2|
    |ap_enable_reg_pp2_iter1             |    9|          2|    1|          2|
    |ap_enable_reg_pp2_iter2             |    9|          2|    1|          2|
    |ap_enable_reg_pp3_iter2             |    9|          2|    1|          2|
    |ap_enable_reg_pp4_iter1             |    9|          2|    1|          2|
    |ap_enable_reg_pp4_iter2             |    9|          2|    1|          2|
    |ap_enable_reg_pp5_iter2             |    9|          2|    1|          2|
    |ap_phi_mux_j_1_phi_fu_465_p4        |    9|          2|    8|         16|
    |ap_phi_mux_j_2_phi_fu_351_p4        |    9|          2|    8|         16|
    |ap_phi_mux_j_3_phi_fu_582_p4        |    9|          2|    8|         16|
    |ap_phi_mux_j_4_phi_fu_500_p4        |    9|          2|    8|         16|
    |ap_phi_mux_j_5_phi_fu_419_p4        |    9|          2|    8|         16|
    |ap_phi_mux_j_phi_fu_546_p4          |    9|          2|    8|         16|
    |ap_phi_mux_temp_i_10_phi_fu_430_p4  |    9|          2|   32|         64|
    |ap_phi_mux_temp_i_2_phi_fu_476_p4   |    9|          2|   32|         64|
    |ap_phi_mux_temp_i_4_phi_fu_362_p4   |    9|          2|   32|         64|
    |ap_phi_mux_temp_i_6_phi_fu_593_p4   |    9|          2|   32|         64|
    |ap_phi_mux_temp_i_8_phi_fu_511_p4   |    9|          2|   32|         64|
    |ap_phi_mux_temp_i_phi_fu_558_p4     |    9|          2|   32|         64|
    |grp_fu_613_opcode                   |   14|          3|    2|          6|
    |grp_fu_613_p0                       |   43|          8|   32|        256|
    |grp_fu_613_p1                       |   14|          3|   32|         96|
    |grp_fu_623_p0                       |   97|         19|   32|        608|
    |grp_fu_623_p1                       |   49|          9|   32|        288|
    |grp_fu_631_p0                       |   37|          7|   32|        224|
    |grp_fu_631_p1                       |   37|          7|   32|        224|
    |i_2_reg_450                         |    9|          2|    8|         16|
    |i_3_reg_336                         |    9|          2|    8|         16|
    |i_4_reg_404                         |    9|          2|    8|         16|
    |i_5_reg_393                         |    9|          2|    8|         16|
    |i_6_reg_382                         |    9|          2|    8|         16|
    |i_reg_531                           |    9|          2|    8|         16|
    |j_1_reg_461                         |    9|          2|    8|         16|
    |j_2_reg_347                         |    9|          2|    8|         16|
    |j_3_reg_578                         |    9|          2|    8|         16|
    |j_4_reg_496                         |    9|          2|    8|         16|
    |j_5_reg_415                         |    9|          2|    8|         16|
    |j_reg_542                           |    9|          2|    8|         16|
    |temp_i_10_reg_426                   |    9|          2|   32|         64|
    |temp_i_2_reg_472                    |    9|          2|   32|         64|
    |temp_i_4_reg_358                    |    9|          2|   32|         64|
    |temp_i_6_reg_589                    |    9|          2|   32|         64|
    |temp_i_8_reg_507                    |    9|          2|   32|         64|
    |temp_i_reg_554                      |    9|          2|   32|         64|
    |temp_r_10_reg_438                   |    9|          2|   32|         64|
    |temp_r_2_reg_484                    |    9|          2|   32|         64|
    |temp_r_4_reg_370                    |    9|          2|   32|         64|
    |temp_r_6_reg_601                    |    9|          2|   32|         64|
    |temp_r_8_reg_519                    |    9|          2|   32|         64|
    |temp_r_reg_566                      |    9|          2|   32|         64|
    +------------------------------------+-----+-----------+-----+-----------+
    |Total                               | 1251|        252|  954|       3406|
    +------------------------------------+-----+-----------+-----+-----------+

    * Register: 
    +-------------------------+----+----+-----+-----------+
    |           Name          | FF | LUT| Bits| Const Bits|
    +-------------------------+----+----+-----+-----------+
    |add_ln113_reg_1119       |   8|   0|    8|          0|
    |add_ln115_reg_1138       |   8|   0|    8|          0|
    |add_ln129_reg_1178       |   8|   0|    8|          0|
    |add_ln131_reg_1235       |   8|   0|    8|          0|
    |add_ln49_reg_1379        |   8|   0|    8|          0|
    |add_ln51_reg_1417        |   8|   0|    8|          0|
    |add_ln65_reg_1216        |   8|   0|    8|          0|
    |add_ln67_reg_1438        |   8|   0|    8|          0|
    |add_ln81_reg_1275        |   8|   0|    8|          0|
    |add_ln83_reg_1294        |   8|   0|    8|          0|
    |add_ln97_reg_1197        |   8|   0|    8|          0|
    |add_ln99_reg_1334        |   8|   0|    8|          0|
    |ap_CS_fsm                |  83|   0|   83|          0|
    |ap_enable_reg_pp0_iter0  |   1|   0|    1|          0|
    |ap_enable_reg_pp0_iter1  |   1|   0|    1|          0|
    |ap_enable_reg_pp0_iter2  |   1|   0|    1|          0|
    |ap_enable_reg_pp1_iter0  |   1|   0|    1|          0|
    |ap_enable_reg_pp1_iter1  |   1|   0|    1|          0|
    |ap_enable_reg_pp1_iter2  |   1|   0|    1|          0|
    |ap_enable_reg_pp2_iter0  |   1|   0|    1|          0|
    |ap_enable_reg_pp2_iter1  |   1|   0|    1|          0|
    |ap_enable_reg_pp2_iter2  |   1|   0|    1|          0|
    |ap_enable_reg_pp3_iter0  |   1|   0|    1|          0|
    |ap_enable_reg_pp3_iter1  |   1|   0|    1|          0|
    |ap_enable_reg_pp3_iter2  |   1|   0|    1|          0|
    |ap_enable_reg_pp4_iter0  |   1|   0|    1|          0|
    |ap_enable_reg_pp4_iter1  |   1|   0|    1|          0|
    |ap_enable_reg_pp4_iter2  |   1|   0|    1|          0|
    |ap_enable_reg_pp5_iter0  |   1|   0|    1|          0|
    |ap_enable_reg_pp5_iter1  |   1|   0|    1|          0|
    |ap_enable_reg_pp5_iter2  |   1|   0|    1|          0|
    |i_2_reg_450              |   8|   0|    8|          0|
    |i_3_reg_336              |   8|   0|    8|          0|
    |i_4_reg_404              |   8|   0|    8|          0|
    |i_5_reg_393              |   8|   0|    8|          0|
    |i_6_reg_382              |   8|   0|    8|          0|
    |i_reg_531                |   8|   0|    8|          0|
    |icmp_ln101_reg_1364      |   1|   0|    1|          0|
    |icmp_ln115_reg_1144      |   1|   0|    1|          0|
    |icmp_ln117_reg_1168      |   1|   0|    1|          0|
    |icmp_ln131_reg_1241      |   1|   0|    1|          0|
    |icmp_ln133_reg_1265      |   1|   0|    1|          0|
    |icmp_ln51_reg_1398       |   1|   0|    1|          0|
    |icmp_ln53_reg_1428       |   1|   0|    1|          0|
    |icmp_ln67_reg_1444       |   1|   0|    1|          0|
    |icmp_ln69_reg_1468       |   1|   0|    1|          0|
    |icmp_ln83_reg_1300       |   1|   0|    1|          0|
    |icmp_ln85_reg_1324       |   1|   0|    1|          0|
    |icmp_ln99_reg_1340       |   1|   0|    1|          0|
    |j_1_reg_461              |   8|   0|    8|          0|
    |j_2_reg_347              |   8|   0|    8|          0|
    |j_3_reg_578              |   8|   0|    8|          0|
    |j_4_reg_496              |   8|   0|    8|          0|
    |j_5_reg_415              |   8|   0|    8|          0|
    |j_reg_542                |   8|   0|    8|          0|
    |reg_669                  |  32|   0|   32|          0|
    |reg_679                  |  32|   0|   32|          0|
    |reg_685                  |  32|   0|   32|          0|
    |reg_697                  |  32|   0|   32|          0|
    |reg_702                  |  32|   0|   32|          0|
    |ss_1_0_load_reg_1423     |  32|   0|   32|          0|
    |ss_1_1_load_reg_1319     |  32|   0|   32|          0|
    |ss_1_2_load_reg_1163     |  32|   0|   32|          0|
    |ss_2_0_load_reg_1463     |  32|   0|   32|          0|
    |ss_2_1_load_reg_1359     |  32|   0|   32|          0|
    |ss_2_2_load_reg_1260     |  32|   0|   32|          0|
    |temp_i_10_reg_426        |  32|   0|   32|          0|
    |temp_i_2_reg_472         |  32|   0|   32|          0|
    |temp_i_4_reg_358         |  32|   0|   32|          0|
    |temp_i_6_reg_589         |  32|   0|   32|          0|
    |temp_i_8_reg_507         |  32|   0|   32|          0|
    |temp_i_reg_554           |  32|   0|   32|          0|
    |temp_r_10_reg_438        |  32|   0|   32|          0|
    |temp_r_2_reg_484         |  32|   0|   32|          0|
    |temp_r_4_reg_370         |  32|   0|   32|          0|
    |temp_r_6_reg_601         |  32|   0|   32|          0|
    |temp_r_8_reg_519         |  32|   0|   32|          0|
    |temp_r_reg_566           |  32|   0|   32|          0|
    |tmp_10_reg_1192          |   8|   0|   15|          7|
    |tmp_6_reg_1393           |   8|   0|   15|          7|
    |tmp_7_reg_1289           |   8|   0|   15|          7|
    |tmp_8_reg_1133           |   8|   0|   15|          7|
    |tmp_9_reg_1230           |   8|   0|   15|          7|
    |tmp_s_reg_1211           |   8|   0|   15|          7|
    |zext_ln113_reg_1128      |   8|   0|   64|         56|
    |zext_ln129_reg_1187      |   8|   0|   64|         56|
    |zext_ln49_reg_1388       |   8|   0|   64|         56|
    |zext_ln65_reg_1225       |   8|   0|   64|         56|
    |zext_ln81_reg_1284       |   8|   0|   64|         56|
    |zext_ln97_reg_1206       |   8|   0|   64|         56|
    |icmp_ln115_reg_1144      |  64|  32|    1|          0|
    |icmp_ln131_reg_1241      |  64|  32|    1|          0|
    |icmp_ln51_reg_1398       |  64|  32|    1|          0|
    |icmp_ln67_reg_1444       |  64|  32|    1|          0|
    |icmp_ln83_reg_1300       |  64|  32|    1|          0|
    |icmp_ln99_reg_1340       |  64|  32|    1|          0|
    +-------------------------+----+----+-----+-----------+
    |Total                    |1521| 192| 1521|        378|
    +-------------------------+----+----+-----+-----------+



================================================================
== Interface
================================================================
* Summary: 
+----------------+-----+-----+------------+--------------+--------------+
|    RTL Ports   | Dir | Bits|  Protocol  | Source Object|    C Type    |
+----------------+-----+-----+------------+--------------+--------------+
|ap_clk          |   in|    1|  ap_ctrl_hs|    get_sss_id|  return value|
|ap_rst          |   in|    1|  ap_ctrl_hs|    get_sss_id|  return value|
|ap_start        |   in|    1|  ap_ctrl_hs|    get_sss_id|  return value|
|ap_done         |  out|    1|  ap_ctrl_hs|    get_sss_id|  return value|
|ap_idle         |  out|    1|  ap_ctrl_hs|    get_sss_id|  return value|
|ap_ready        |  out|    1|  ap_ctrl_hs|    get_sss_id|  return value|
|IN_R_address0   |  out|    7|   ap_memory|          IN_R|         array|
|IN_R_ce0        |  out|    1|   ap_memory|          IN_R|         array|
|IN_R_q0         |   in|   32|   ap_memory|          IN_R|         array|
|IN_I_address0   |  out|    7|   ap_memory|          IN_I|         array|
|IN_I_ce0        |  out|    1|   ap_memory|          IN_I|         array|
|IN_I_q0         |   in|   32|   ap_memory|          IN_I|         array|
|pss_id          |   in|   32|     ap_none|        pss_id|        scalar|
|OUT_1_address0  |  out|    8|   ap_memory|         OUT_1|         array|
|OUT_1_ce0       |  out|    1|   ap_memory|         OUT_1|         array|
|OUT_1_we0       |  out|    1|   ap_memory|         OUT_1|         array|
|OUT_1_d0        |  out|   32|   ap_memory|         OUT_1|         array|
|OUT_2_address0  |  out|    8|   ap_memory|         OUT_2|         array|
|OUT_2_ce0       |  out|    1|   ap_memory|         OUT_2|         array|
|OUT_2_we0       |  out|    1|   ap_memory|         OUT_2|         array|
|OUT_2_d0        |  out|   32|   ap_memory|         OUT_2|         array|
+----------------+-----+-----+------------+--------------+--------------+

