#-----------------------------------------------------------
# Vivado v2020.2 (64-bit)
# SW Build 3064766 on Wed Nov 18 09:12:45 MST 2020
# IP Build 3064653 on Wed Nov 18 14:17:31 MST 2020
# Start of session at: Mon May 23 17:29:08 2022
# Process ID: 8236
# Current directory: C:/Tools/MATLAB/hdl_prj/ipcore/LTE_MIB_H_ip_v1_0/prj_ip
# Command line: vivado.exe -mode batch -notrace -source vivado_ip_package.tcl
# Log file: C:/Tools/MATLAB/hdl_prj/ipcore/LTE_MIB_H_ip_v1_0/prj_ip/vivado.log
# Journal file: C:/Tools/MATLAB/hdl_prj/ipcore/LTE_MIB_H_ip_v1_0/prj_ip\vivado.jou
#-----------------------------------------------------------
source vivado_ip_package.tcl -notrace
CRITICAL WARNING: [Vivado 12-3645] Please note that adding or importing multiple files, one at a time, can be performance intensive.  Both add_files and import_files commands accept multiple files as input, and passing a collection of multiple files to a single add_files or import_files commands can offer significant performance improvement.
INFO: [IP_Flow 19-234] Refreshing IP repositories
INFO: [IP_Flow 19-1700] Loaded user IP repository 'c:/Tools/MATLAB/hdl_prj/ipcore'.
WARNING: [IP_Flow 19-3656] If you move the project, the path for repository 'c:/Tools/MATLAB/hdl_prj/ipcore' may become invalid. A better location for the repository would be in a path adjacent to the project. (Current project location is 'c:/Tools/MATLAB/hdl_prj/ipcore/LTE_MIB_H_ip_v1_0/prj_ip'.)
INFO: [IP_Flow 19-2313] Loaded Vivado IP repository 'C:/Xilinx/Vivado/2020.2/data/ip'.
INFO: [IP_Flow 19-5107] Inferred bus interface 'AXI4_Stream_I_Slave' of definition 'xilinx.com:interface:axis:1.0' (from Xilinx Repository).
INFO: [IP_Flow 19-5107] Inferred bus interface 'AXI4_Stream_Q_Slave' of definition 'xilinx.com:interface:axis:1.0' (from Xilinx Repository).
INFO: [IP_Flow 19-5107] Inferred bus interface 'AXI4_Lite' of definition 'xilinx.com:interface:aximm:1.0' (from Xilinx Repository).
INFO: [IP_Flow 19-5107] Inferred bus interface 'AXI4_Lite_ARESETN' of definition 'xilinx.com:signal:reset:1.0' (from Xilinx Repository).
INFO: [IP_Flow 19-5107] Inferred bus interface 'IPCORE_RESETN' of definition 'xilinx.com:signal:reset:1.0' (from Xilinx Repository).
INFO: [IP_Flow 19-5107] Inferred bus interface 'AXI4_Lite_ACLK' of definition 'xilinx.com:signal:clock:1.0' (from Xilinx Repository).
INFO: [IP_Flow 19-5107] Inferred bus interface 'IPCORE_CLK' of definition 'xilinx.com:signal:clock:1.0' (from Xilinx Repository).
INFO: [IP_Flow 19-4728] Bus Interface 'AXI4_Lite_ARESETN': Added interface parameter 'POLARITY' with value 'ACTIVE_LOW'.
INFO: [IP_Flow 19-4728] Bus Interface 'IPCORE_RESETN': Added interface parameter 'POLARITY' with value 'ACTIVE_LOW'.
INFO: [IP_Flow 19-4728] Bus Interface 'AXI4_Lite_ACLK': Added interface parameter 'ASSOCIATED_BUSIF' with value 'AXI4_Lite'.
INFO: [IP_Flow 19-4728] Bus Interface 'AXI4_Lite_ACLK': Added interface parameter 'ASSOCIATED_RESET' with value 'AXI4_Lite_ARESETN'.
INFO: [IP_Flow 19-4728] Bus Interface 'IPCORE_CLK': Added interface parameter 'ASSOCIATED_RESET' with value 'IPCORE_RESETN'.
WARNING: [IP_Flow 19-3158] Bus Interface 'AXI4_Stream_I_Slave': FREQ_HZ bus parameter missing from AXI interface when interface is not associated to a clock.
WARNING: [IP_Flow 19-3158] Bus Interface 'AXI4_Stream_Q_Slave': FREQ_HZ bus parameter missing from AXI interface when interface is not associated to a clock.
WARNING: [IP_Flow 19-5661] Bus Interface 'IPCORE_CLK' does not have any bus interfaces associated with it.
INFO: [IP_Flow 19-2181] Payment Required is not set for this core.
INFO: [IP_Flow 19-2187] The Product Guide file is missing.
WARNING: [IP_Flow 19-1971] File named "hdl/vhdl/ltehdlChannelEqualizer/LTE_MIB_H_ip_src_ltehdlChannelEqualizer_ltehdlChannelEqualizer_pac.vhd" already exists in file group "xilinx_anylanguagesynthesis", cannot add it again.
WARNING: [IP_Flow 19-1971] File named "hdl/vhdl/ltehdlChannelEqualizer/LTE_MIB_H_ip_src_ltehdlChannelEqualizer_ltehdlChannelEqualizer_pac.vhd" already exists in file group "xilinx_anylanguagebehavioralsimulation", cannot add it again.
WARNING: [IP_Flow 19-1971] File named "hdl/vhdl/ltehdlChannelEqualizer/LTE_MIB_H_ip_src_ltehdlChannelEqualizer_MATLAB_Function.vhd" already exists in file group "xilinx_anylanguagesynthesis", cannot add it again.
WARNING: [IP_Flow 19-1971] File named "hdl/vhdl/ltehdlChannelEqualizer/LTE_MIB_H_ip_src_ltehdlChannelEqualizer_MATLAB_Function.vhd" already exists in file group "xilinx_anylanguagebehavioralsimulation", cannot add it again.
WARNING: [IP_Flow 19-1971] File named "hdl/vhdl/ltehdlChannelEqualizer/LTE_MIB_H_ip_src_ltehdlChannelEqualizer_LFSR1.vhd" already exists in file group "xilinx_anylanguagesynthesis", cannot add it again.
WARNING: [IP_Flow 19-1971] File named "hdl/vhdl/ltehdlChannelEqualizer/LTE_MIB_H_ip_src_ltehdlChannelEqualizer_LFSR1.vhd" already exists in file group "xilinx_anylanguagebehavioralsimulation", cannot add it again.
WARNING: [IP_Flow 19-1971] File named "hdl/vhdl/ltehdlChannelEqualizer/LTE_MIB_H_ip_src_ltehdlChannelEqualizer_LFSR2.vhd" already exists in file group "xilinx_anylanguagesynthesis", cannot add it again.
WARNING: [IP_Flow 19-1971] File named "hdl/vhdl/ltehdlChannelEqualizer/LTE_MIB_H_ip_src_ltehdlChannelEqualizer_LFSR2.vhd" already exists in file group "xilinx_anylanguagebehavioralsimulation", cannot add it again.
WARNING: [IP_Flow 19-1971] File named "hdl/vhdl/ltehdlChannelEqualizer/LTE_MIB_H_ip_src_ltehdlChannelEqualizer_SetFF.vhd" already exists in file group "xilinx_anylanguagesynthesis", cannot add it again.
WARNING: [IP_Flow 19-1971] File named "hdl/vhdl/ltehdlChannelEqualizer/LTE_MIB_H_ip_src_ltehdlChannelEqualizer_SetFF.vhd" already exists in file group "xilinx_anylanguagebehavioralsimulation", cannot add it again.
WARNING: [IP_Flow 19-1971] File named "hdl/vhdl/ltehdlChannelEqualizer/LTE_MIB_H_ip_src_ltehdlChannelEqualizer_Gold_Sequence_Generator.vhd" already exists in file group "xilinx_anylanguagesynthesis", cannot add it again.
WARNING: [IP_Flow 19-1971] File named "hdl/vhdl/ltehdlChannelEqualizer/LTE_MIB_H_ip_src_ltehdlChannelEqualizer_Gold_Sequence_Generator.vhd" already exists in file group "xilinx_anylanguagebehavioralsimulation", cannot add it again.
WARNING: [IP_Flow 19-1971] File named "hdl/vhdl/ltehdlChannelEqualizer/LTE_MIB_H_ip_src_ltehdlChannelEqualizer_LTE_Gold_Seq_upsampling.vhd" already exists in file group "xilinx_anylanguagesynthesis", cannot add it again.
WARNING: [IP_Flow 19-1971] File named "hdl/vhdl/ltehdlChannelEqualizer/LTE_MIB_H_ip_src_ltehdlChannelEqualizer_LTE_Gold_Seq_upsampling.vhd" already exists in file group "xilinx_anylanguagebehavioralsimulation", cannot add it again.
WARNING: [IP_Flow 19-1971] File named "hdl/vhdl/ltehdlChannelEqualizer/LTE_MIB_H_ip_src_ltehdlChannelEqualizer_c_initGen.vhd" already exists in file group "xilinx_anylanguagesynthesis", cannot add it again.
WARNING: [IP_Flow 19-1971] File named "hdl/vhdl/ltehdlChannelEqualizer/LTE_MIB_H_ip_src_ltehdlChannelEqualizer_c_initGen.vhd" already exists in file group "xilinx_anylanguagebehavioralsimulation", cannot add it again.
WARNING: [IP_Flow 19-1971] File named "hdl/vhdl/ltehdlChannelEqualizer/LTE_MIB_H_ip_src_ltehdlChannelEqualizer_downsampling_seq2complex.vhd" already exists in file group "xilinx_anylanguagesynthesis", cannot add it again.
WARNING: [IP_Flow 19-1971] File named "hdl/vhdl/ltehdlChannelEqualizer/LTE_MIB_H_ip_src_ltehdlChannelEqualizer_downsampling_seq2complex.vhd" already exists in file group "xilinx_anylanguagebehavioralsimulation", cannot add it again.
WARNING: [IP_Flow 19-1971] File named "hdl/vhdl/ltehdlChannelEqualizer/LTE_MIB_H_ip_src_ltehdlChannelEqualizer_trigger_cinit_load.vhd" already exists in file group "xilinx_anylanguagesynthesis", cannot add it again.
WARNING: [IP_Flow 19-1971] File named "hdl/vhdl/ltehdlChannelEqualizer/LTE_MIB_H_ip_src_ltehdlChannelEqualizer_trigger_cinit_load.vhd" already exists in file group "xilinx_anylanguagebehavioralsimulation", cannot add it again.
WARNING: [IP_Flow 19-1971] File named "hdl/vhdl/ltehdlChannelEqualizer/LTE_MIB_H_ip_src_ltehdlChannelEqualizer_cellRefGen.vhd" already exists in file group "xilinx_anylanguagesynthesis", cannot add it again.
WARNING: [IP_Flow 19-1971] File named "hdl/vhdl/ltehdlChannelEqualizer/LTE_MIB_H_ip_src_ltehdlChannelEqualizer_cellRefGen.vhd" already exists in file group "xilinx_anylanguagebehavioralsimulation", cannot add it again.
WARNING: [IP_Flow 19-1971] File named "hdl/vhdl/ltehdlChannelEqualizer/LTE_MIB_H_ip_src_ltehdlChannelEqualizer_TxDivDecode.vhd" already exists in file group "xilinx_anylanguagesynthesis", cannot add it again.
WARNING: [IP_Flow 19-1971] File named "hdl/vhdl/ltehdlChannelEqualizer/LTE_MIB_H_ip_src_ltehdlChannelEqualizer_TxDivDecode.vhd" already exists in file group "xilinx_anylanguagebehavioralsimulation", cannot add it again.
WARNING: [IP_Flow 19-1971] File named "hdl/vhdl/ltehdlChannelEqualizer/LTE_MIB_H_ip_src_ltehdlChannelEqualizer_mod3HDL1.vhd" already exists in file group "xilinx_anylanguagesynthesis", cannot add it again.
WARNING: [IP_Flow 19-1971] File named "hdl/vhdl/ltehdlChannelEqualizer/LTE_MIB_H_ip_src_ltehdlChannelEqualizer_mod3HDL1.vhd" already exists in file group "xilinx_anylanguagebehavioralsimulation", cannot add it again.
WARNING: [IP_Flow 19-1971] File named "hdl/vhdl/ltehdlChannelEqualizer/LTE_MIB_H_ip_src_ltehdlChannelEqualizer_addr_mapper.vhd" already exists in file group "xilinx_anylanguagesynthesis", cannot add it again.
WARNING: [IP_Flow 19-1971] File named "hdl/vhdl/ltehdlChannelEqualizer/LTE_MIB_H_ip_src_ltehdlChannelEqualizer_addr_mapper.vhd" already exists in file group "xilinx_anylanguagebehavioralsimulation", cannot add it again.
WARNING: [IP_Flow 19-1971] File named "hdl/vhdl/ltehdlChannelEqualizer/LTE_MIB_H_ip_src_ltehdlChannelEqualizer_Complex_shift.vhd" already exists in file group "xilinx_anylanguagesynthesis", cannot add it again.
WARNING: [IP_Flow 19-1971] File named "hdl/vhdl/ltehdlChannelEqualizer/LTE_MIB_H_ip_src_ltehdlChannelEqualizer_Complex_shift.vhd" already exists in file group "xilinx_anylanguagebehavioralsimulation", cannot add it again.
WARNING: [IP_Flow 19-1971] File named "hdl/vhdl/ltehdlChannelEqualizer/LTE_MIB_H_ip_src_ltehdlChannelEqualizer_InterpCalculation.vhd" already exists in file group "xilinx_anylanguagesynthesis", cannot add it again.
WARNING: [IP_Flow 19-1971] File named "hdl/vhdl/ltehdlChannelEqualizer/LTE_MIB_H_ip_src_ltehdlChannelEqualizer_InterpCalculation.vhd" already exists in file group "xilinx_anylanguagebehavioralsimulation", cannot add it again.
WARNING: [IP_Flow 19-1971] File named "hdl/vhdl/ltehdlChannelEqualizer/LTE_MIB_H_ip_src_ltehdlChannelEqualizer_SimpleDualPortRAM_generic.vhd" already exists in file group "xilinx_anylanguagesynthesis", cannot add it again.
WARNING: [IP_Flow 19-1971] File named "hdl/vhdl/ltehdlChannelEqualizer/LTE_MIB_H_ip_src_ltehdlChannelEqualizer_SimpleDualPortRAM_generic.vhd" already exists in file group "xilinx_anylanguagebehavioralsimulation", cannot add it again.
WARNING: [IP_Flow 19-1971] File named "hdl/vhdl/ltehdlChannelEqualizer/LTE_MIB_H_ip_src_ltehdlChannelEqualizer_hEstInterpAndStore.vhd" already exists in file group "xilinx_anylanguagesynthesis", cannot add it again.
WARNING: [IP_Flow 19-1971] File named "hdl/vhdl/ltehdlChannelEqualizer/LTE_MIB_H_ip_src_ltehdlChannelEqualizer_hEstInterpAndStore.vhd" already exists in file group "xilinx_anylanguagebehavioralsimulation", cannot add it again.
WARNING: [IP_Flow 19-1971] File named "hdl/vhdl/ltehdlChannelEqualizer/LTE_MIB_H_ip_src_ltehdlChannelEqualizer_Subsystem1.vhd" already exists in file group "xilinx_anylanguagesynthesis", cannot add it again.
WARNING: [IP_Flow 19-1971] File named "hdl/vhdl/ltehdlChannelEqualizer/LTE_MIB_H_ip_src_ltehdlChannelEqualizer_Subsystem1.vhd" already exists in file group "xilinx_anylanguagebehavioralsimulation", cannot add it again.
WARNING: [IP_Flow 19-1971] File named "hdl/vhdl/ltehdlChannelEqualizer/LTE_MIB_H_ip_src_ltehdlChannelEqualizer_SinglePortRAM_generic.vhd" already exists in file group "xilinx_anylanguagesynthesis", cannot add it again.
WARNING: [IP_Flow 19-1971] File named "hdl/vhdl/ltehdlChannelEqualizer/LTE_MIB_H_ip_src_ltehdlChannelEqualizer_SinglePortRAM_generic.vhd" already exists in file group "xilinx_anylanguagebehavioralsimulation", cannot add it again.
WARNING: [IP_Flow 19-1971] File named "hdl/vhdl/ltehdlChannelEqualizer/LTE_MIB_H_ip_src_ltehdlChannelEqualizer_Subsystem2.vhd" already exists in file group "xilinx_anylanguagesynthesis", cannot add it again.
WARNING: [IP_Flow 19-1971] File named "hdl/vhdl/ltehdlChannelEqualizer/LTE_MIB_H_ip_src_ltehdlChannelEqualizer_Subsystem2.vhd" already exists in file group "xilinx_anylanguagebehavioralsimulation", cannot add it again.
WARNING: [IP_Flow 19-1971] File named "hdl/vhdl/ltehdlChannelEqualizer/LTE_MIB_H_ip_src_ltehdlChannelEqualizer_hEstInterpAndStore_block.vhd" already exists in file group "xilinx_anylanguagesynthesis", cannot add it again.
WARNING: [IP_Flow 19-1971] File named "hdl/vhdl/ltehdlChannelEqualizer/LTE_MIB_H_ip_src_ltehdlChannelEqualizer_hEstInterpAndStore_block.vhd" already exists in file group "xilinx_anylanguagebehavioralsimulation", cannot add it again.
WARNING: [IP_Flow 19-1971] File named "hdl/vhdl/ltehdlChannelEqualizer/LTE_MIB_H_ip_src_ltehdlChannelEqualizer_mod3HDL.vhd" already exists in file group "xilinx_anylanguagesynthesis", cannot add it again.
WARNING: [IP_Flow 19-1971] File named "hdl/vhdl/ltehdlChannelEqualizer/LTE_MIB_H_ip_src_ltehdlChannelEqualizer_mod3HDL.vhd" already exists in file group "xilinx_anylanguagebehavioralsimulation", cannot add it again.
WARNING: [IP_Flow 19-1971] File named "hdl/vhdl/ltehdlChannelEqualizer/LTE_MIB_H_ip_src_ltehdlChannelEqualizer_mod6HDL.vhd" already exists in file group "xilinx_anylanguagesynthesis", cannot add it again.
WARNING: [IP_Flow 19-1971] File named "hdl/vhdl/ltehdlChannelEqualizer/LTE_MIB_H_ip_src_ltehdlChannelEqualizer_mod6HDL.vhd" already exists in file group "xilinx_anylanguagebehavioralsimulation", cannot add it again.
WARNING: [IP_Flow 19-1971] File named "hdl/vhdl/ltehdlChannelEqualizer/LTE_MIB_H_ip_src_ltehdlChannelEqualizer_hEstControl.vhd" already exists in file group "xilinx_anylanguagesynthesis", cannot add it again.
WARNING: [IP_Flow 19-1971] File named "hdl/vhdl/ltehdlChannelEqualizer/LTE_MIB_H_ip_src_ltehdlChannelEqualizer_hEstControl.vhd" already exists in file group "xilinx_anylanguagebehavioralsimulation", cannot add it again.
WARNING: [IP_Flow 19-1971] File named "hdl/vhdl/ltehdlChannelEqualizer/LTE_MIB_H_ip_src_ltehdlChannelEqualizer_chEst.vhd" already exists in file group "xilinx_anylanguagesynthesis", cannot add it again.
WARNING: [IP_Flow 19-1971] File named "hdl/vhdl/ltehdlChannelEqualizer/LTE_MIB_H_ip_src_ltehdlChannelEqualizer_chEst.vhd" already exists in file group "xilinx_anylanguagebehavioralsimulation", cannot add it again.
WARNING: [IP_Flow 19-1971] File named "hdl/vhdl/ltehdlChannelEqualizer/LTE_MIB_H_ip_src_ltehdlChannelEqualizer_Detect_Rise_Positive.vhd" already exists in file group "xilinx_anylanguagesynthesis", cannot add it again.
WARNING: [IP_Flow 19-1971] File named "hdl/vhdl/ltehdlChannelEqualizer/LTE_MIB_H_ip_src_ltehdlChannelEqualizer_Detect_Rise_Positive.vhd" already exists in file group "xilinx_anylanguagebehavioralsimulation", cannot add it again.
WARNING: [IP_Flow 19-1971] File named "hdl/vhdl/ltehdlChannelEqualizer/LTE_MIB_H_ip_src_ltehdlChannelEqualizer_rsBankSymbolCount.vhd" already exists in file group "xilinx_anylanguagesynthesis", cannot add it again.
WARNING: [IP_Flow 19-1971] File named "hdl/vhdl/ltehdlChannelEqualizer/LTE_MIB_H_ip_src_ltehdlChannelEqualizer_rsBankSymbolCount.vhd" already exists in file group "xilinx_anylanguagebehavioralsimulation", cannot add it again.
WARNING: [IP_Flow 19-1971] File named "hdl/vhdl/ltehdlChannelEqualizer/LTE_MIB_H_ip_src_ltehdlChannelEqualizer_ltehdlChannelEqualizer.vhd" already exists in file group "xilinx_anylanguagesynthesis", cannot add it again.
WARNING: [IP_Flow 19-1971] File named "hdl/vhdl/ltehdlChannelEqualizer/LTE_MIB_H_ip_src_ltehdlChannelEqualizer_ltehdlChannelEqualizer.vhd" already exists in file group "xilinx_anylanguagebehavioralsimulation", cannot add it again.
WARNING: [IP_Flow 19-1971] File named "hdl/vhdl/ltehdlDownlinkSyncDemod/LTE_MIB_H_ip_src_ltehdlDownlinkSyncDemod_ltehdlDownlinkSyncDemod_pac.vhd" already exists in file group "xilinx_anylanguagesynthesis", cannot add it again.
WARNING: [IP_Flow 19-1971] File named "hdl/vhdl/ltehdlDownlinkSyncDemod/LTE_MIB_H_ip_src_ltehdlDownlinkSyncDemod_ltehdlDownlinkSyncDemod_pac.vhd" already exists in file group "xilinx_anylanguagebehavioralsimulation", cannot add it again.
WARNING: [IP_Flow 19-1971] File named "hdl/vhdl/ltehdlDownlinkSyncDemod/LTE_MIB_H_ip_src_ltehdlDownlinkSyncDemod_Decimator.vhd" already exists in file group "xilinx_anylanguagesynthesis", cannot add it again.
WARNING: [IP_Flow 19-1971] File named "hdl/vhdl/ltehdlDownlinkSyncDemod/LTE_MIB_H_ip_src_ltehdlDownlinkSyncDemod_Decimator.vhd" already exists in file group "xilinx_anylanguagebehavioralsimulation", cannot add it again.
WARNING: [IP_Flow 19-1971] File named "hdl/vhdl/ltehdlDownlinkSyncDemod/LTE_MIB_H_ip_src_ltehdlDownlinkSyncDemod_FirRdyLogic.vhd" already exists in file group "xilinx_anylanguagesynthesis", cannot add it again.
WARNING: [IP_Flow 19-1971] File named "hdl/vhdl/ltehdlDownlinkSyncDemod/LTE_MIB_H_ip_src_ltehdlDownlinkSyncDemod_FirRdyLogic.vhd" already exists in file group "xilinx_anylanguagebehavioralsimulation", cannot add it again.
WARNING: [IP_Flow 19-1971] File named "hdl/vhdl/ltehdlDownlinkSyncDemod/LTE_MIB_H_ip_src_ltehdlDownlinkSyncDemod_SimpleDualPortRAM_generic.vhd" already exists in file group "xilinx_anylanguagesynthesis", cannot add it again.
WARNING: [IP_Flow 19-1971] File named "hdl/vhdl/ltehdlDownlinkSyncDemod/LTE_MIB_H_ip_src_ltehdlDownlinkSyncDemod_SimpleDualPortRAM_generic.vhd" already exists in file group "xilinx_anylanguagebehavioralsimulation", cannot add it again.
WARNING: [IP_Flow 19-1971] File named "hdl/vhdl/ltehdlDownlinkSyncDemod/LTE_MIB_H_ip_src_ltehdlDownlinkSyncDemod_Addressable_Delay_Line.vhd" already exists in file group "xilinx_anylanguagesynthesis", cannot add it again.
WARNING: [IP_Flow 19-1971] File named "hdl/vhdl/ltehdlDownlinkSyncDemod/LTE_MIB_H_ip_src_ltehdlDownlinkSyncDemod_Addressable_Delay_Line.vhd" already exists in file group "xilinx_anylanguagebehavioralsimulation", cannot add it again.
WARNING: [IP_Flow 19-1971] File named "hdl/vhdl/ltehdlDownlinkSyncDemod/LTE_MIB_H_ip_src_ltehdlDownlinkSyncDemod_Addressable_Delay_Line_block.vhd" already exists in file group "xilinx_anylanguagesynthesis", cannot add it again.
WARNING: [IP_Flow 19-1971] File named "hdl/vhdl/ltehdlDownlinkSyncDemod/LTE_MIB_H_ip_src_ltehdlDownlinkSyncDemod_Addressable_Delay_Line_block.vhd" already exists in file group "xilinx_anylanguagebehavioralsimulation", cannot add it again.
WARNING: [IP_Flow 19-1971] File named "hdl/vhdl/ltehdlDownlinkSyncDemod/LTE_MIB_H_ip_src_ltehdlDownlinkSyncDemod_FilterTapSystolicPreAdd.vhd" already exists in file group "xilinx_anylanguagesynthesis", cannot add it again.
WARNING: [IP_Flow 19-1971] File named "hdl/vhdl/ltehdlDownlinkSyncDemod/LTE_MIB_H_ip_src_ltehdlDownlinkSyncDemod_FilterTapSystolicPreAdd.vhd" already exists in file group "xilinx_anylanguagebehavioralsimulation", cannot add it again.
WARNING: [IP_Flow 19-1971] File named "hdl/vhdl/ltehdlDownlinkSyncDemod/LTE_MIB_H_ip_src_ltehdlDownlinkSyncDemod_Addressable_Delay_Line_block1.vhd" already exists in file group "xilinx_anylanguagesynthesis", cannot add it again.
WARNING: [IP_Flow 19-1971] File named "hdl/vhdl/ltehdlDownlinkSyncDemod/LTE_MIB_H_ip_src_ltehdlDownlinkSyncDemod_Addressable_Delay_Line_block1.vhd" already exists in file group "xilinx_anylanguagebehavioralsimulation", cannot add it again.
WARNING: [IP_Flow 19-1971] File named "hdl/vhdl/ltehdlDownlinkSyncDemod/LTE_MIB_H_ip_src_ltehdlDownlinkSyncDemod_Addressable_Delay_Line_block2.vhd" already exists in file group "xilinx_anylanguagesynthesis", cannot add it again.
WARNING: [IP_Flow 19-1971] File named "hdl/vhdl/ltehdlDownlinkSyncDemod/LTE_MIB_H_ip_src_ltehdlDownlinkSyncDemod_Addressable_Delay_Line_block2.vhd" already exists in file group "xilinx_anylanguagebehavioralsimulation", cannot add it again.
WARNING: [IP_Flow 19-1971] File named "hdl/vhdl/ltehdlDownlinkSyncDemod/LTE_MIB_H_ip_src_ltehdlDownlinkSyncDemod_FilterTapSystolicPreAdd_block.vhd" already exists in file group "xilinx_anylanguagesynthesis", cannot add it again.
WARNING: [IP_Flow 19-1971] File named "hdl/vhdl/ltehdlDownlinkSyncDemod/LTE_MIB_H_ip_src_ltehdlDownlinkSyncDemod_FilterTapSystolicPreAdd_block.vhd" already exists in file group "xilinx_anylanguagebehavioralsimulation", cannot add it again.
WARNING: [IP_Flow 19-1971] File named "hdl/vhdl/ltehdlDownlinkSyncDemod/LTE_MIB_H_ip_src_ltehdlDownlinkSyncDemod_Discrete_FIR_Filter.vhd" already exists in file group "xilinx_anylanguagesynthesis", cannot add it again.
WARNING: [IP_Flow 19-1971] File named "hdl/vhdl/ltehdlDownlinkSyncDemod/LTE_MIB_H_ip_src_ltehdlDownlinkSyncDemod_Discrete_FIR_Filter.vhd" already exists in file group "xilinx_anylanguagebehavioralsimulation", cannot add it again.
WARNING: [IP_Flow 19-1971] File named "hdl/vhdl/ltehdlDownlinkSyncDemod/LTE_MIB_H_ip_src_ltehdlDownlinkSyncDemod_CIC_Compensation_Decimator.vhd" already exists in file group "xilinx_anylanguagesynthesis", cannot add it again.
WARNING: [IP_Flow 19-1971] File named "hdl/vhdl/ltehdlDownlinkSyncDemod/LTE_MIB_H_ip_src_ltehdlDownlinkSyncDemod_CIC_Compensation_Decimator.vhd" already exists in file group "xilinx_anylanguagebehavioralsimulation", cannot add it again.
WARNING: [IP_Flow 19-1971] File named "hdl/vhdl/ltehdlDownlinkSyncDemod/LTE_MIB_H_ip_src_ltehdlDownlinkSyncDemod_Decimator_block.vhd" already exists in file group "xilinx_anylanguagesynthesis", cannot add it again.
WARNING: [IP_Flow 19-1971] File named "hdl/vhdl/ltehdlDownlinkSyncDemod/LTE_MIB_H_ip_src_ltehdlDownlinkSyncDemod_Decimator_block.vhd" already exists in file group "xilinx_anylanguagebehavioralsimulation", cannot add it again.
WARNING: [IP_Flow 19-1971] File named "hdl/vhdl/ltehdlDownlinkSyncDemod/LTE_MIB_H_ip_src_ltehdlDownlinkSyncDemod_CIC_Filter.vhd" already exists in file group "xilinx_anylanguagesynthesis", cannot add it again.
WARNING: [IP_Flow 19-1971] File named "hdl/vhdl/ltehdlDownlinkSyncDemod/LTE_MIB_H_ip_src_ltehdlDownlinkSyncDemod_CIC_Filter.vhd" already exists in file group "xilinx_anylanguagebehavioralsimulation", cannot add it again.
WARNING: [IP_Flow 19-1971] File named "hdl/vhdl/ltehdlDownlinkSyncDemod/LTE_MIB_H_ip_src_ltehdlDownlinkSyncDemod_CIC_Gain_Comp.vhd" already exists in file group "xilinx_anylanguagesynthesis", cannot add it again.
WARNING: [IP_Flow 19-1971] File named "hdl/vhdl/ltehdlDownlinkSyncDemod/LTE_MIB_H_ip_src_ltehdlDownlinkSyncDemod_CIC_Gain_Comp.vhd" already exists in file group "xilinx_anylanguagebehavioralsimulation", cannot add it again.
WARNING: [IP_Flow 19-1971] File named "hdl/vhdl/ltehdlDownlinkSyncDemod/LTE_MIB_H_ip_src_ltehdlDownlinkSyncDemod_Transient_Removal.vhd" already exists in file group "xilinx_anylanguagesynthesis", cannot add it again.
WARNING: [IP_Flow 19-1971] File named "hdl/vhdl/ltehdlDownlinkSyncDemod/LTE_MIB_H_ip_src_ltehdlDownlinkSyncDemod_Transient_Removal.vhd" already exists in file group "xilinx_anylanguagebehavioralsimulation", cannot add it again.
WARNING: [IP_Flow 19-1971] File named "hdl/vhdl/ltehdlDownlinkSyncDemod/LTE_MIB_H_ip_src_ltehdlDownlinkSyncDemod_Decimation_Filters.vhd" already exists in file group "xilinx_anylanguagesynthesis", cannot add it again.
WARNING: [IP_Flow 19-1971] File named "hdl/vhdl/ltehdlDownlinkSyncDemod/LTE_MIB_H_ip_src_ltehdlDownlinkSyncDemod_Decimation_Filters.vhd" already exists in file group "xilinx_anylanguagebehavioralsimulation", cannot add it again.
WARNING: [IP_Flow 19-1971] File named "hdl/vhdl/ltehdlDownlinkSyncDemod/LTE_MIB_H_ip_src_ltehdlDownlinkSyncDemod_Edge_Detector.vhd" already exists in file group "xilinx_anylanguagesynthesis", cannot add it again.
WARNING: [IP_Flow 19-1971] File named "hdl/vhdl/ltehdlDownlinkSyncDemod/LTE_MIB_H_ip_src_ltehdlDownlinkSyncDemod_Edge_Detector.vhd" already exists in file group "xilinx_anylanguagebehavioralsimulation", cannot add it again.
WARNING: [IP_Flow 19-1971] File named "hdl/vhdl/ltehdlDownlinkSyncDemod/LTE_MIB_H_ip_src_ltehdlDownlinkSyncDemod_DitherGen.vhd" already exists in file group "xilinx_anylanguagesynthesis", cannot add it again.
WARNING: [IP_Flow 19-1971] File named "hdl/vhdl/ltehdlDownlinkSyncDemod/LTE_MIB_H_ip_src_ltehdlDownlinkSyncDemod_DitherGen.vhd" already exists in file group "xilinx_anylanguagebehavioralsimulation", cannot add it again.
WARNING: [IP_Flow 19-1971] File named "hdl/vhdl/ltehdlDownlinkSyncDemod/LTE_MIB_H_ip_src_ltehdlDownlinkSyncDemod_SinLookUpTableGen.vhd" already exists in file group "xilinx_anylanguagesynthesis", cannot add it again.
WARNING: [IP_Flow 19-1971] File named "hdl/vhdl/ltehdlDownlinkSyncDemod/LTE_MIB_H_ip_src_ltehdlDownlinkSyncDemod_SinLookUpTableGen.vhd" already exists in file group "xilinx_anylanguagebehavioralsimulation", cannot add it again.
WARNING: [IP_Flow 19-1971] File named "hdl/vhdl/ltehdlDownlinkSyncDemod/LTE_MIB_H_ip_src_ltehdlDownlinkSyncDemod_CosLookUpTableGen.vhd" already exists in file group "xilinx_anylanguagesynthesis", cannot add it again.
WARNING: [IP_Flow 19-1971] File named "hdl/vhdl/ltehdlDownlinkSyncDemod/LTE_MIB_H_ip_src_ltehdlDownlinkSyncDemod_CosLookUpTableGen.vhd" already exists in file group "xilinx_anylanguagebehavioralsimulation", cannot add it again.
INFO: [Common 17-14] Message 'IP_Flow 19-1971' appears 100 times and further instances of the messages will be disabled. Use the Tcl command set_msg_config to change the current settings.
INFO: [Common 17-206] Exiting Vivado at Mon May 23 17:29:31 2022...
