INFO: Applying HLS Y2K22 patch v1.2 for IP revision
INFO: [HLS 200-10] Running '/tools/Xilinx/Vitis_HLS/2020.2/bin/unwrapped/lnx64.o/vitis_hls'
INFO: [HLS 200-10] For user 'jhigh' on host 'jhigh-XPS-13-9370' (Linux_x86_64 version 5.4.0-113-generic) on Sun May 29 22:34:22 PDT 2022
INFO: [HLS 200-10] On os Ubuntu 20.04.4 LTS
INFO: [HLS 200-10] In directory '/home/jhigh/Capstone_Project/main/Hardware/HLS_Pjts/PSS_SSS_sync_signals'
Sourcing Tcl script '/home/jhigh/Capstone_Project/main/Hardware/HLS_Pjts/PSS_SSS_sync_signals/hls/solution1/csim.tcl'
INFO: [HLS 200-1510] Running: open_project hls 
INFO: [HLS 200-10] Opening project '/home/jhigh/Capstone_Project/main/Hardware/HLS_Pjts/PSS_SSS_sync_signals/hls'.
INFO: [HLS 200-1510] Running: set_top cp_corr_pss_sss 
INFO: [HLS 200-1510] Running: add_files matmul_partition.cpp 
INFO: [HLS 200-10] Adding design file 'matmul_partition.cpp' to the project
INFO: [HLS 200-1510] Running: add_files hls_fft.h 
INFO: [HLS 200-10] Adding design file 'hls_fft.h' to the project
INFO: [HLS 200-1510] Running: add_files cp_corr_pss_sss.h 
INFO: [HLS 200-10] Adding design file 'cp_corr_pss_sss.h' to the project
INFO: [HLS 200-1510] Running: add_files cp_corr_pss_sss.cpp 
INFO: [HLS 200-10] Adding design file 'cp_corr_pss_sss.cpp' to the project
INFO: [HLS 200-1510] Running: add_files -tb pss_rslts_2.dat -cflags -Wno-unknown-pragmas -csimflags -Wno-unknown-pragmas 
INFO: [HLS 200-10] Adding test bench file 'pss_rslts_2.dat' to the project
INFO: [HLS 200-1510] Running: add_files -tb pss_rslts_1.dat -cflags -Wno-unknown-pragmas -csimflags -Wno-unknown-pragmas 
INFO: [HLS 200-10] Adding test bench file 'pss_rslts_1.dat' to the project
INFO: [HLS 200-1510] Running: add_files -tb pss_rslts_0.dat -cflags -Wno-unknown-pragmas -csimflags -Wno-unknown-pragmas 
INFO: [HLS 200-10] Adding test bench file 'pss_rslts_0.dat' to the project
INFO: [HLS 200-1510] Running: add_files -tb output.dat -cflags -Wno-unknown-pragmas -csimflags -Wno-unknown-pragmas 
INFO: [HLS 200-10] Adding test bench file 'output.dat' to the project
INFO: [HLS 200-1510] Running: add_files -tb out_sss_2_PSS_2_r.dat -cflags -Wno-unknown-pragmas -csimflags -Wno-unknown-pragmas 
INFO: [HLS 200-10] Adding test bench file 'out_sss_2_PSS_2_r.dat' to the project
INFO: [HLS 200-1510] Running: add_files -tb out_sss_2_PSS_2_i.dat -cflags -Wno-unknown-pragmas -csimflags -Wno-unknown-pragmas 
INFO: [HLS 200-10] Adding test bench file 'out_sss_2_PSS_2_i.dat' to the project
INFO: [HLS 200-1510] Running: add_files -tb out_sss_2_PSS_1_r.dat -cflags -Wno-unknown-pragmas -csimflags -Wno-unknown-pragmas 
INFO: [HLS 200-10] Adding test bench file 'out_sss_2_PSS_1_r.dat' to the project
INFO: [HLS 200-1510] Running: add_files -tb out_sss_2_PSS_1_i.dat -cflags -Wno-unknown-pragmas -csimflags -Wno-unknown-pragmas 
INFO: [HLS 200-10] Adding test bench file 'out_sss_2_PSS_1_i.dat' to the project
INFO: [HLS 200-1510] Running: add_files -tb out_sss_1_PSS_2_r.dat -cflags -Wno-unknown-pragmas -csimflags -Wno-unknown-pragmas 
INFO: [HLS 200-10] Adding test bench file 'out_sss_1_PSS_2_r.dat' to the project
INFO: [HLS 200-1510] Running: add_files -tb out_sss_1_PSS_2_i.dat -cflags -Wno-unknown-pragmas -csimflags -Wno-unknown-pragmas 
INFO: [HLS 200-10] Adding test bench file 'out_sss_1_PSS_2_i.dat' to the project
INFO: [HLS 200-1510] Running: add_files -tb out_sss_1_PSS_1_r.dat -cflags -Wno-unknown-pragmas -csimflags -Wno-unknown-pragmas 
INFO: [HLS 200-10] Adding test bench file 'out_sss_1_PSS_1_r.dat' to the project
INFO: [HLS 200-1510] Running: add_files -tb out_sss_1_PSS_1_i.dat -cflags -Wno-unknown-pragmas -csimflags -Wno-unknown-pragmas 
INFO: [HLS 200-10] Adding test bench file 'out_sss_1_PSS_1_i.dat' to the project
INFO: [HLS 200-1510] Running: add_files -tb input.real.dat -cflags -Wno-unknown-pragmas -csimflags -Wno-unknown-pragmas 
INFO: [HLS 200-10] Adding test bench file 'input.real.dat' to the project
INFO: [HLS 200-1510] Running: add_files -tb input.imag.dat -cflags -Wno-unknown-pragmas -csimflags -Wno-unknown-pragmas 
INFO: [HLS 200-10] Adding test bench file 'input.imag.dat' to the project
INFO: [HLS 200-1510] Running: add_files -tb downsampled_r.dat -cflags -Wno-unknown-pragmas -csimflags -Wno-unknown-pragmas 
INFO: [HLS 200-10] Adding test bench file 'downsampled_r.dat' to the project
INFO: [HLS 200-1510] Running: add_files -tb downsampled_i.dat -cflags -Wno-unknown-pragmas -csimflags -Wno-unknown-pragmas 
INFO: [HLS 200-10] Adding test bench file 'downsampled_i.dat' to the project
INFO: [HLS 200-1510] Running: add_files -tb cp_corr_pss_sss_test.cpp -cflags -Wno-unknown-pragmas -csimflags -Wno-unknown-pragmas 
INFO: [HLS 200-10] Adding test bench file 'cp_corr_pss_sss_test.cpp' to the project
INFO: [HLS 200-1510] Running: open_solution solution1 -flow_target vivado 
INFO: [HLS 200-10] Opening solution '/home/jhigh/Capstone_Project/main/Hardware/HLS_Pjts/PSS_SSS_sync_signals/hls/solution1'.
INFO: [SYN 201-201] Setting up clock 'default' with a period of 3.3ns.
INFO: [HLS 200-10] Setting target device to 'xczu28dr-ffvg1517-2-e'
INFO: [HLS 200-1505] Using flow_target 'vivado'
Resolution: For help on HLS 200-1505 see www.xilinx.com/cgi-bin/docs/rdoc?v=2020.2;t=hls+guidance;d=200-1505.html
INFO: [HLS 200-1510] Running: set_part xczu28dr-ffvg1517-2-e 
INFO: [HLS 200-1510] Running: create_clock -period 3.3 -name default 
INFO: [HLS 200-1510] Running: set_directive_top -name cp_corr_pss_sss cp_corr_pss_sss 
INFO: [HLS 200-1510] Running: csim_design -clean -quiet 
INFO: [SIM 211-2] *************** CSIM start ***************
INFO: [SIM 211-4] CSIM will launch GCC as the compiler.
   Compiling ../../../../cp_corr_pss_sss_test.cpp in debug mode
   Compiling ../../../../cp_corr_pss_sss.cpp in debug mode
   Compiling ../../../../matmul_partition.cpp in debug mode
   Generating csim.exe
/tools/Xilinx/Vivado/2020.2/tps/lnx64/binutils-2.26/bin/ld: warning: libgmp.so.11, needed by /tools/Xilinx/Vitis_HLS/2020.2/lnx64/tools/fft_v9_1/libIp_xfft_v9_1_bitacc_cmodel.so, may conflict with libgmp.so.7
Start Read
Calling sss_sync

 n=0 

Index  Description  Calculated            Gold
0      Out_11r      -0.247550204396248    -0.247584104537964
0      Out_11i      0.003370870836079    0.003370859427378
0      Out_12r      -0.250740051269531    -0.251053690910339
0      Out_12i      0.000468272890430    0.002253722399473
0      Out_21r      0.749129891395569    0.749139189720154
0      Out_21i      -0.001893163658679    -0.001893070875667
0      Out_22r      0.749780058860779    0.749722421169281
0      Out_22i      -0.000135826820042    -0.000306707486743

1      Out_11r      -0.264490127563477    -0.264488160610199
1      Out_11i      0.003417974803597    0.003418037900701
1      Out_12r      0.747759997844696    0.744609713554382
1      Out_12i      -0.000284453213681    -0.002487986814231
1      Out_21r      -1.266150116920471    -1.266141772270203
1      Out_21i      0.001825955114327    0.001826062914915
1      Out_22r      0.749519944190979    0.746720492839813
1      Out_22i      -0.000168166821823    -0.002949804300442

2      Out_11r      -0.246010035276413    -0.246027678251266
2      Out_11i      -0.003095724154264    -0.003095606807619
2      Out_12r      -0.249220088124275    -0.248345077037811
2      Out_12i      -0.000213106948650    0.000397644849727
2      Out_21r      -1.246009707450867    -1.246023297309875
2      Out_21i      0.003458735067397    0.003458878025413
2      Out_22r      -0.249079957604408    -0.249074324965477
2      Out_22i      0.000550513097551    0.002695767208934

3      Out_11r      0.756590008735657    0.756583452224731
3      Out_11i      -0.004036045167595    -0.004035724326968
3      Out_12r      0.751699864864349    0.753647089004517
3      Out_12i      -0.000412053137552    0.000502180773765
3      Out_21r      -0.256290018558502    -0.256297916173935
3      Out_21i      -0.005952117498964    -0.005952105391771
3      Out_22r      -0.251040041446686    -0.251090288162231
3      Out_22i      -0.001123226829804    -0.003373608924448

4      Out_11r      0.740470170974731    0.740433633327484
4      Out_11i      -0.011176874861121    -0.011177021078765
4      Out_12r      -0.251660019159317    -0.251463562250137
4      Out_12i      -0.002063013147563    -0.005831845570356
4      Out_21r      3.765089988708496    3.765074968338013
4      Out_21i      0.003764588385820    0.003764823544770
4      Out_22r      -0.249280065298080    -0.248248115181923
4      Out_22i      0.000949712819420    0.004970435053110

5      Out_11r      7.771111488342285    7.771062850952148
5      Out_11i      -0.005980555433780    -0.005980247166008
5      Out_12r      0.752039790153503    0.755311906337738
5      Out_12i      0.000013926794054    0.002284222748131
5      Out_21r      0.753849983215332    0.753855586051941
5      Out_21i      -0.004236273933202    -0.004236360080540
5      Out_22r      7.756137371063232    7.757701396942139
5      Out_22i      -0.000192593142856    -0.000558332132641

6      Out_11r      0.759589910507202    0.759562194347382
6      Out_11i      0.001036685775034    0.001036482048221
6      Out_12r      3.753460407257080    3.754786014556885
6      Out_12i      0.000581106811296    0.002482092706487
6      Out_21r      -0.241610035300255    -0.241604745388031
6      Out_21i      -0.008815225213766    -0.008815271779895
6      Out_22r      -0.248860031366348    -0.245535671710968
6      Out_22i      -0.000637766672298    0.000129341846332

7      Out_11r      0.762370109558105    0.762348473072052
7      Out_11i      0.003538734745234    0.003538629738614
7      Out_12r      -0.248660042881966    -0.247150987386703
7      Out_12i      0.001083426875994    0.004248684737831
7      Out_21r      0.759990215301514    0.759955108165741
7      Out_21i      0.005259014200419    0.005259102676064
7      Out_22r      -0.249260008335114    -0.248558595776558
7      Out_22i      0.001216566772200    0.004049396142364

8      Out_11r      -0.254549920558929    -0.254545331001282
8      Out_11i      -0.002448465209454    -0.002448331331834
8      Out_12r      -1.250799894332886    -1.251199007034302
8      Out_12i      -0.000367173197446    -0.001365033094771
8      Out_21r      -1.251809954643250    -1.251817226409912
8      Out_21i      0.009956224821508    0.009955961257219
8      Out_22r      -0.251199960708618    -0.252693444490433
8      Out_22i      0.001368912984617    0.002668518107384

9      Out_11r      0.743930101394653    0.743901848793030
9      Out_11i      -0.002773572690785    -0.002773600397632
9      Out_12r      0.749580025672913    0.749354302883148
9      Out_12i      -0.000642572937068    -0.002616284647956
9      Out_21r      -0.255870044231415    -0.255824804306030
9      Out_21i      -0.001535065355711    -0.001535293646157
9      Out_22r      0.749620199203491    0.749022603034973
9      Out_22i      -0.000427233113442    -0.002259919885546

10      Out_11r      0.762610077857971    0.762627959251404
10      Out_11i      -0.006259804125875    -0.006259929388762
10      Out_12r      0.751820087432861    0.755195260047913
10      Out_12i      -0.000145613172208    0.001261120778508
10      Out_21r      -0.244470164179802    -0.244439736008644
10      Out_21i      0.006114054005593    0.006113930139691
10      Out_22r      -1.250660061836243    -1.251403212547302
10      Out_22i      0.001129453186877    0.002846591174603

11      Out_11r      -0.249069958925247    -0.249073758721352
11      Out_11i      0.020331814885139    0.020331742241979
11      Out_12r      -0.250599980354309    -0.254039436578751
11      Out_12i      0.002994813024998    0.006115007214248
11      Out_21r      0.741569876670837    0.741557359695435
11      Out_21i      0.002730595413595    0.002730495063588
11      Out_22r      -1.252100229263306    -1.253956198692322
11      Out_22i      -0.000161913223565    -0.001247005653568

12      Out_11r      -0.264069914817810    -0.264083564281464
12      Out_11i      0.004847755189985    0.004847845993936
12      Out_12r      -1.252599954605103    -1.255793333053589
12      Out_12i      0.000000566738890    -0.001858976087533
12      Out_21r      -0.246649995446205    -0.246655032038689
12      Out_21i      -0.011437954381108    -0.011438105255365
12      Out_22r      0.750640392303467    0.753117501735687
12      Out_22i      -0.001396492938511    -0.002968566026539

13      Out_11r      -0.237270087003708    -0.237259283661842
13      Out_11i      -0.011085854843259    -0.011085836216807
13      Out_12r      -0.248459890484810    -0.244873672723770
13      Out_12i      -0.001124013098888    -0.000497684755828
13      Out_21r      -0.265989899635315    -0.265959411859512
13      Out_21i      0.009016253985465    0.009015790186822
13      Out_22r      -0.251979947090149    -0.255731195211411
13      Out_22i      0.000696926959790    -0.001549809938297

14      Out_11r      -0.245929896831512    -0.245887413620949
14      Out_11i      0.009944574907422    0.009944365359843
14      Out_12r      -0.250099837779999    -0.250887572765350
14      Out_12i      0.001529893255793    0.003948211204261
14      Out_21r      -1.259149670600891    -1.259164690971375
14      Out_21i      0.013060124590993    0.013060137629509
14      Out_22r      -1.252460002899170    -1.256119489669800
14      Out_22i      0.001193413161673    0.001476438133977

15      Out_11r      -0.247790068387985    -0.247795373201370
15      Out_11i      -0.001310334424488    -0.001310209045187
15      Out_12r      0.749840021133423    0.750667095184326
15      Out_12i      -0.000118966738228    0.000369746296201
15      Out_21r      -1.251610040664673    -1.251588821411133
15      Out_21i      -0.004829724784940    -0.004829645156860
15      Out_22r      -0.250639975070953    -0.249992802739143
15      Out_22i      -0.000783166731708    -0.001878332346678

16      Out_11r      -1.257829904556274    -1.257801055908203
16      Out_11i      -0.010965666733682    -0.010965482331812
16      Out_12r      -0.250279843807220    -0.248901113867760
16      Out_12i      -0.001730806077830    -0.004964678548276
16      Out_21r      0.744850277900696    0.744858026504517
16      Out_21i      -0.003757034894079    -0.003756778547540
16      Out_22r      -0.249899983406067    -0.250006943941116
16      Out_22i      -0.000738693284802    -0.002230106387287

17      Out_11r      -1.260089993476868    -1.260065197944641
17      Out_11i      0.000724964891560    0.000725132995285
17      Out_12r      -0.250599920749664    -0.251996606588364
17      Out_12i      -0.000254846876487    -0.001829399028793
17      Out_21r      0.754450201988220    0.754446864128113
17      Out_21i      0.000416664988734    0.000416772119934
17      Out_22r      0.749899983406067    0.750022530555725
17      Out_22i      0.000234353210544    0.001028042053804

18      Out_11r      -1.240530133247375    -1.240538239479065
18      Out_11i      0.010679345577955    0.010679484345019
18      Out_12r      -1.250220060348511    -1.250975012779236
18      Out_12i      0.001764973276295    0.005777205340564
18      Out_21r      -0.248349890112877    -0.248342484235764
18      Out_21i      0.001968745142221    0.001968599623069
18      Out_22r      -0.249839842319489    -0.249999284744263
18      Out_22i      0.000538786698598    0.001321164192632

19      Out_11r      -0.233710110187531    -0.233669534325600
19      Out_11i      0.001160523970611    0.001160727115348
19      Out_12r      -0.247999981045723    -0.245847836136818
19      Out_12i      0.000905953173060    0.004926277324557
19      Out_21r      -0.241469919681549    -0.241493448615074
19      Out_21i      0.013886724598706    0.013886488974094
19      Out_22r      -1.249719977378845    -1.251010775566101
19      Out_22i      0.002104673068970    0.006241694558412

20      Out_11r      -1.256009936332703    -1.256004452705383
20      Out_11i      0.008875343948603    0.008875246159732
20      Out_12r      0.750000000000000    0.747822701931000
20      Out_12i      0.000884326349478    0.001483565429226
20      Out_21r      -0.277129948139191    -0.277119040489197
20      Out_21i      -0.012102026492357    -0.012102155014873
20      Out_22r      -0.252979993820190    -0.254926860332489
20      Out_22i      -0.002903292886913    -0.010829723440111

21      Out_11r      -0.269689917564392    -0.269656747579575
21      Out_11i      -0.006472244393080    -0.006472419947386
21      Out_12r      0.747940123081207    0.745870769023895
21      Out_12i      -0.001637473353185    -0.006917232181877
21      Out_21r      -0.237729653716087    -0.237734615802765
21      Out_21i      0.001777805970050    0.001777665573172
21      Out_22r      -0.248580023646355    -0.247021734714508
21      Out_22i      0.000761746778153    0.003734744386747

22      Out_11r      0.762130022048950    0.762111186981201
22      Out_11i      -0.011464735493064    -0.011464574374259
22      Out_12r      -0.248079881072044    -0.244226440787315
22      Out_12i      -0.000951333087869    -0.000366558379028
22      Out_21r      0.757209897041321    0.757240533828735
22      Out_21i      -0.002065995242447    -0.002065899781883
22      Out_22r      0.751760065555573    0.753253102302551
22      Out_22i      0.000164933328051    0.000770171405748

23      Out_11r      0.757050037384033    0.757029771804810
23      Out_11i      -0.000016975798644    -0.000016946340111
23      Out_12r      -0.249039977788925    -0.248171612620354
23      Out_12i      0.000239126617089    0.001908651320264
23      Out_21r      -1.255689859390259    -1.255688548088074
23      Out_21i      0.006564134266227    0.006564127746969
23      Out_22r      -0.250519931316376    -0.252470105886459
23      Out_22i      0.000513446982950    0.000864220317453

24      Out_11r      -0.248369991779327    -0.248366668820381
24      Out_11i      0.002362214028835    0.002362275961787
24      Out_12r      -0.249880030751228    -0.250162929296494
24      Out_12i      -0.000133206660394    0.001004472258501
24      Out_21r      -0.245050013065338    -0.245081484317780
24      Out_21i      -0.014872053638101    -0.014871939085424
24      Out_22r      -0.249399974942207    -0.245796903967857
24      Out_22i      -0.001985526178032    -0.003622880438343

25      Out_11r      0.745270013809204    0.745249271392822
25      Out_11i      -0.014609213918447    -0.014609159901738
25      Out_12r      0.749620139598846    0.751497149467468
25      Out_12i      -0.002156033180654    -0.006290059071034
25      Out_21r      -0.243029996752739    -0.243029698729515
25      Out_21i      -0.000726164784282    -0.000726112979464
25      Out_22r      -0.249220043420792    -0.247850880026817
25      Out_22i      0.000148753111716    0.001702200737782

26      Out_11r      -0.266750216484070    -0.266767174005508
26      Out_11i      0.016751874238253    0.016751708462834
26      Out_12r      -1.254339933395386    -1.260113835334778
26      Out_12i      0.001420806976967    0.000623844447546
26      Out_21r      -0.258610010147095    -0.258626550436020
26      Out_21i      -0.000672784983180    -0.000672805064823
26      Out_22r      0.749360024929047    0.748313009738922
26      Out_22i      -0.000403206853662    -0.002476702211425

27      Out_11r      0.738929867744446    0.738919258117676
27      Out_11i      -0.003449604380876    -0.003449518000707
27      Out_12r      0.749699890613556    0.748560190200806
27      Out_12i      -0.000824553309940    -0.004378138110042
27      Out_21r      0.747949957847595    0.747962236404419
27      Out_21i      -0.006052974611521    -0.006052812095731
27      Out_22r      0.750439822673798    0.750912368297577
27      Out_22i      -0.000946732994635    -0.002742698648944

28      Out_11r      0.753589987754822    0.753625690937042
28      Out_11i      -0.005814476404339    -0.005814299453050
28      Out_12r      -0.248620003461838    -0.247039586305618
28      Out_12i      -0.000423353165388    -0.001062315190211
28      Out_21r      -0.240450009703636    -0.240438222885132
28      Out_21i      0.000788145349361    0.000788010074757
28      Out_22r      -1.249659895896912    -1.248450398445129
28      Out_22i      0.000425253238063    0.002512456849217

29      Out_11r      -0.239850029349327    -0.239847302436829
29      Out_11i      0.007272026035935    0.007271696347743
29      Out_12r      -1.249899983406067    -1.249708652496338
29      Out_12i      0.001259173150174    0.004433534573764
29      Out_21r      -0.248249918222427    -0.248252317309380
29      Out_21i      0.011823094449937    0.011823140084743
29      Out_22r      -0.250240087509155    -0.251898199319839
29      Out_22i      0.001666826545261    0.003670247271657

30      Out_11r      -1.259030103683472    -1.259033441543579
30      Out_11i      0.003468734677881    0.003468514187261
30      Out_12r      -0.251679956912994    -0.253648072481155
30      Out_12i      0.000110813241918    -0.000949860492256
30      Out_21r      -1.257490277290344    -1.257501244544983
30      Out_21i      -0.000841843313538    -0.000841915665660
30      Out_22r      -0.250359952449799    -0.251399904489517
30      Out_22i      -0.000281093292870    -0.001552056404762

31      Out_11r      -0.268430173397064    -0.268397808074951
31      Out_11i      0.016490753740072    0.016490561887622
31      Out_12r      -0.252919971942902    -0.259076148271561
31      Out_12i      0.001453906646930    0.000428127124906
31      Out_21r      -1.239650011062622    -1.239635348320007
31      Out_21i      -0.004308123607188    -0.004307969938964
31      Out_22r      -0.248139932751656    -0.245386809110641
31      Out_22i      -0.000096866744570    0.001866296515800

32      Out_11r      -1.258710145950317    -1.258726358413696
32      Out_11i      0.004377313423902    0.004377322737128
32      Out_12r      -0.249920025467873    -0.252371668815613
32      Out_12i      0.000267686846200    -0.000740203773603
32      Out_21r      -0.263830065727234    -0.263800799846649
32      Out_21i      -0.010052695870399    -0.010052781552076
32      Out_22r      -0.251800060272217    -0.252024710178375
32      Out_22i      -0.002044866792858    -0.006425823550671

33      Out_11r      -0.231030151247978    -0.231049835681915
33      Out_11i      0.004089278634638    0.004089278168976
33      Out_12r      -0.247020050883293    -0.244419455528259
33      Out_12i      0.001330486615188    0.006489416118711
33      Out_21r      3.753309488296509    3.753281116485596
33      Out_21i      -0.001644254662097    -0.001644055126235
33      Out_22r      -0.250259995460510    -0.250086903572083
33      Out_22i      -0.000309173192363    -0.000202848736080

34      Out_11r      -0.250609993934631    -0.250616163015366
34      Out_11i      -0.003628015052527    -0.003628219477832
34      Out_12r      0.750219941139221    0.751050591468811
34      Out_12i      -0.000673486618325    -0.001505149295554
34      Out_21r      0.768790006637573    0.768775045871735
34      Out_21i      0.002141645643860    0.002141461241990
34      Out_22r      3.754700183868408    3.757134199142456
34      Out_22i      0.001251066918485    0.005338041577488

35      Out_11r      3.766929149627686    3.766933917999268
35      Out_11i      -0.000678495271131    -0.000678466109093
35      Out_12r      -0.248960047960281    -0.246731832623482
35      Out_12i      0.000526633113623    0.003645313438028
35      Out_21r      0.766229987144470    0.766227006912231
35      Out_21i      -0.005426126066595    -0.005425976589322
35      Out_22r      -0.247699931263924    -0.243859559297562
35      Out_22i      -0.000083453371190    0.002637584693730

36      Out_11r      -0.239250063896179    -0.239257276058197
36      Out_11i      0.007892784662545    0.007892468012869
36      Out_12r      3.753499984741211    3.753654956817627
36      Out_12i      0.001376526779495    0.004645621869713
36      Out_21r      -0.235230043530464    -0.235220223665237
36      Out_21i      0.001380396191962    0.001380407484248
36      Out_22r      0.752419948577881    0.754799962043762
36      Out_22i      0.001096113002859    0.004757026676089

37      Out_11r      -0.239849850535393    -0.239846557378769
37      Out_11i      -0.009726605378091    -0.009726624004543
37      Out_12r      -1.249719858169556    -1.246163249015808
37      Out_12i      -0.001003453042358    -0.000106997453258
37      Out_21r      -0.260330021381378    -0.260345727205276
37      Out_21i      0.004244405310601    0.004244398791343
37      Out_22r      0.748400211334229    0.746491670608521
37      Out_22i      0.000222693255637    -0.001431649434380

38      Out_11r      -0.256229996681213    -0.256232738494873
38      Out_11i      0.002183314878494    0.002183565869927
38      Out_12r      0.749599933624268    0.748265504837036
38      Out_12i      0.000364513194654    -0.000746447476558
38      Out_21r      -0.253369629383087    -0.253345787525177
38      Out_21i      -0.007231803145260    -0.007231919094920
38      Out_22r      -0.250919997692108    -0.250351399183273
38      Out_22i      -0.001042353222147    -0.002491871127859

39      Out_11r      -1.262989997863770    -1.262992143630981
39      Out_11i      -0.002221254166216    -0.002221271628514
39      Out_12r      -1.252619743347168    -1.253863215446472
39      Out_12i      -0.000837266910821    -0.003530551446602
39      Out_21r      -0.259869992733002    -0.259875744581223
39      Out_21i      0.014602354727685    0.014602444134653
39      Out_22r      0.748979926109314    0.744650840759277
39      Out_22i      0.001784726860933    0.001715707592666

40      Out_11r      -0.248149782419205    -0.248095482587814
40      Out_11i      0.000553076039068    0.000553015677724
40      Out_12r      0.750240147113800    0.750266551971436
40      Out_12i      0.000278733263258    0.000783607596532
40      Out_21r      -1.256469964981079    -1.256454348564148
40      Out_21i      -0.002518804278225    -0.002518761903048
40      Out_22r      -1.251859903335571    -1.252346277236938
40      Out_22i      -0.000485206895974    -0.001441707368940

41      Out_11r      -0.255909979343414    -0.255896806716919
41      Out_11i      0.010739213787019    0.010739370249212
41      Out_12r      0.749799907207489    0.746932864189148
41      Out_12i      0.001415866543539    0.001758625847287
41      Out_21r      -0.236289918422699    -0.236291527748108
41      Out_21i      -0.017459075897932    -0.017459142953157
41      Out_22r      0.753059804439545    0.758158564567566
41      Out_22i      -0.001890346757136    -0.002166520571336

42      Out_11r      0.737990021705627    0.737984180450439
42      Out_11i      -0.006658184807748    -0.006658134981990
42      Out_12r      0.748979926109314    0.748302519321442
42      Out_12i      -0.001248406828381    -0.004549138247967
42      Out_21r      -0.259950101375580    -0.259919494390488
42      Out_21i      0.010055373422801    0.010055110789835
42      Out_22r      -0.251660227775574    -0.254898607730865
42      Out_22i      0.000824912800454    0.000278963067103

43      Out_11r      -0.252590060234070    -0.252612978219986
43      Out_11i      -0.005479874555022    -0.005479890853167
43      Out_12r      0.750480055809021    0.751113712787628
43      Out_12i      -0.000818793312646    -0.002485624747351
43      Out_21r      0.753270030021667    0.753210663795471
43      Out_21i      0.005750824231654    0.005750860553235
43      Out_22r      0.749959945678711    0.749245405197144
43      Out_22i      0.000596146914177    0.002344891661778

44      Out_11r      -0.247090011835098    -0.247068345546722
44      Out_11i      0.015841774642467    0.015841551125050
44      Out_12r      -0.250060021877289    -0.252542823553085
44      Out_12i      0.002274493221194    0.005613768473268
44      Out_21r      -0.256690084934235    -0.256652861833572
44      Out_21i      -0.002286184113473    -0.002286113100126
44      Out_22r      0.749940037727356    0.749485671520233
44      Out_22i      -0.000696026661899    -0.002520566107705

45      Out_11r      -0.250769972801208    -0.250819742679596
45      Out_11i      -0.000043875887059    -0.000043630450818
45      Out_12r      0.749920070171356    0.750166535377502
45      Out_12i      -0.000192286388483    -0.000372447655536
45      Out_21r      -1.254509925842285    -1.254498958587646
45      Out_21i      0.005755005870014    0.005755129735917
45      Out_22r      0.750300168991089    0.748666524887085
45      Out_22i      0.000444466830231    0.001015484100208

46      Out_11r      0.754010081291199    0.754034042358398
46      Out_11i      -0.001512484508567    -0.001512372051366
46      Out_12r      -0.250019907951355    -0.249428883194923
46      Out_12i      -0.000139293202665    0.000315798853990
46      Out_21r      -0.240689978003502    -0.240706622600555
46      Out_21i      0.006938646081835    0.006938540842384
46      Out_22r      0.750899910926819    0.750905752182007
46      Out_22i      0.001566473278217    0.004374125506729

47      Out_11r      -0.241309940814972    -0.241321265697479
47      Out_11i      -0.000005375477485    -0.000005081133622
47      Out_12r      -0.248099997639656    -0.246447160840034
47      Out_12i      0.000345206703059    0.002151289489120
47      Out_21r      -0.247149959206581    -0.247154295444489
47      Out_21i      0.004496284294873    0.004496212583035
47      Out_22r      -1.250459909439087    -1.250956654548645
47      Out_22i      0.000641873164568    0.002307896735147

48      Out_11r      -0.242310047149658    -0.242305964231491
48      Out_11i      0.018809629604220    0.018809657543898
48      Out_12r      -0.250480175018311    -0.252585053443909
48      Out_12i      0.002980193123221    0.007909384556115
48      Out_21r      -0.249049857258797    -0.249042153358459
48      Out_21i      0.007407104130834    0.007406795397401
48      Out_22r      0.751139640808105    0.749619245529175
48      Out_22i      0.000859886757098    0.002335266442969

49      Out_11r      -0.243429958820343    -0.243438109755516
49      Out_11i      -0.012719256803393    -0.012719094753265
49      Out_12r      0.752340018749237    0.755604326725006
49      Out_12i      -0.001372653408907    -0.001997205661610
49      Out_21r      -0.264909982681274    -0.264908164739609
49      Out_21i      -0.000863705412485    -0.000864072877448
49      Out_22r      -0.252039909362793    -0.254257202148438
49      Out_22i      -0.000836313643958    -0.004603895358741

50      Out_11r      -0.237449958920479    -0.237431645393372
50      Out_11i      0.004257265012711    0.004257050808519
50      Out_12r      -1.248699903488159    -1.247485995292664
50      Out_12i      0.001174113363959    0.004944278392941
50      Out_21r      0.765749990940094    0.765757262706757
50      Out_21i      0.002254224848002    0.002254019258544
50      Out_22r      -0.249160051345825    -0.247200876474380
50      Out_22i      0.000928993220441    0.004301443230361

51      Out_11r      -0.266349911689758    -0.266359120607376
51      Out_11i      -0.007064544130117    -0.007064607925713
51      Out_12r      -0.252699851989746    -0.253971040248871
51      Out_12i      -0.001959087327123    -0.006549226585776
51      Out_21r      -0.255070209503174    -0.255082160234451
51      Out_21i      -0.003414674196392    -0.003414858132601
51      Out_22r      -0.250020086765289    -0.250232577323914
51      Out_22i      -0.000740132876672    -0.002656102413312

52      Out_11r      -1.235329866409302    -1.235314369201660
52      Out_11i      -0.006949414964765    -0.006949450355023
52      Out_12r      -0.248439937829971    -0.244884818792343
52      Out_12i      -0.000094953255029    0.002226203912869
52      Out_21r      -0.250470042228699    -0.250462383031845
52      Out_21i      0.004850075114518    0.004850129131228
52      Out_22r      -0.249960258603096    -0.250840723514557
52      Out_22i      0.000464353302959    0.001178293488920

53      Out_11r      -0.260170102119446    -0.260171562433243
53      Out_11i      -0.004770215135068    -0.004770129453391
53      Out_12r      -0.251160085201263    -0.251879215240479
53      Out_12i      -0.001168626477011    -0.004146068356931
53      Out_21r      -1.253309726715088    -1.253313779830933
53      Out_21i      -0.011726854369044    -0.011726910248399
53      Out_22r      -1.251279830932617    -1.249744772911072
53      Out_22i      -0.001829866669141    -0.004267527256161

54      Out_11r      0.752490043640137    0.752516388893127
54      Out_11i      -0.012828906066716    -0.012828576378524
54      Out_12r      0.751420021057129    0.754208147525787
54      Out_12i      -0.001798786805011    -0.003444345202297
54      Out_21r      -0.261010050773621    -0.261029183864594
54      Out_21i      0.013954035006464    0.013953995890915
54      Out_22r      0.748899817466736    0.744774103164673
54      Out_22i      0.001323386793956    0.001098317792639

55      Out_11r      0.756289958953857    0.756296455860138
55      Out_11i      -0.016044853255153    -0.016044804826379
55      Out_12r      -0.249479860067368    -0.245638340711594
55      Out_12i      -0.002006666734815    -0.003382822498679
55      Out_21r      -1.267749905586243    -1.267734050750732
55      Out_21i      -0.005192305427045    -0.005192219279706
55      Out_22r      0.748579919338226    0.747358202934265
55      Out_22i      -0.001269267057069    -0.005950924009085

56      Out_11r      0.734329819679260    0.734279811382294
56      Out_11i      0.014425374567509    0.014425384812057
56      Out_12r      0.747539997100830    0.742357373237610
56      Out_12i      0.001246066880412    -0.000074941686762
56      Out_21r      -0.240150019526482    -0.240124404430389
56      Out_21i      -0.002862054854631    -0.002862025983632
56      Out_22r      -0.247859835624695    -0.245848253369331
56      Out_22i      0.000222593138460    0.001893182517961

57      Out_11r      0.741649985313416    0.741614222526550
57      Out_11i      -0.005387926008552    -0.005387824028730
57      Out_12r      -0.251760065555573    -0.252157330513000
57      Out_12i      -0.000920193211641    -0.003876815550029
57      Out_21r      -0.248450070619583    -0.248413160443306
57      Out_21i      0.007585965562612    0.007585945073515
57      Out_22r      -0.249859943985939    -0.251145929098129
57      Out_22i      0.001000793185085    0.002289594849572

58      Out_11r      -0.253009915351868    -0.252997010946274
58      Out_11i      -0.000483714160509    -0.000483513722429
58      Out_12r      -0.249560013413429    -0.249864205718040
58      Out_12i      -0.000185873126611    -0.001023283344693
58      Out_21r      -0.246289923787117    -0.246317192912102
58      Out_21i      -0.004556465428323    -0.004556485451758
58      Out_22r      -0.250100076198578    -0.248610243201256
58      Out_22i      -0.000780533126090    -0.000809294171631

59      Out_11r      0.754109978675842    0.754101097583771
59      Out_11i      0.002811912912875    0.002811823738739
59      Out_12r      -0.249999970197678    -0.249795109033585
59      Out_12i      0.000607733032666    0.002396412892267
59      Out_21r      -0.241669878363609    -0.241684839129448
59      Out_21i      -0.004653485026211    -0.004653400741518
59      Out_22r      -0.248420029878616    -0.246012330055237
59      Out_22i      -0.000375233066734    0.001132295117714

60      Out_11r      -0.262169897556305    -0.262194037437439
60      Out_11i      -0.000653364812024    -0.000653202121612
60      Out_12r      -0.252019941806793    -0.254131436347961
60      Out_12i      -0.000791086931713    -0.003305786987767
60      Out_21r      0.734609842300415    0.734611988067627
60      Out_21i      0.001730764750391    0.001730535412207
60      Out_22r      0.747460067272186    0.744635879993439
60      Out_22i      -0.000379006611183    -0.003773322794586

61      Out_11r      0.754390239715576    0.754383325576782
61      Out_11i      0.002434036228806    0.002434045774862
61      Out_12r      -0.248999953269958    -0.249394208192825
61      Out_12i      0.000617906393018    0.002070138230920
61      Out_21r      3.758169889450073    3.758163928985596
61      Out_21i      -0.005369834136218    -0.005369686521590
61      Out_22r      -1.250220298767090    -1.248844146728516
61      Out_22i      -0.000486253236886    0.000061892569647

62      Out_11r      -0.241830050945282    -0.241878315806389
62      Out_11i      0.000028574955650    0.000028857810321
62      Out_12r      -0.249219909310341    -0.247751876711845
62      Out_12i      0.000069013214670    0.001989352749661
62      Out_21r      0.763850092887878    0.763834536075592
62      Out_21i      -0.002164435107261    -0.002164753619581
62      Out_22r      3.754640102386475    3.757029771804810
62      Out_22i      0.000396753312089    0.002641736762598

63      Out_11r      0.745490074157715    0.745522260665894
63      Out_11i      0.001940525951795    0.001940406044014
63      Out_12r      0.749459981918335    0.748389780521393
63      Out_12i      0.000170966741280    -0.000262923917035
63      Out_21r      -0.247189894318581    -0.247192755341530
63      Out_21i      -0.003426645416766    -0.003426643321291
63      Out_22r      -0.249739974737167    -0.248053252696991
63      Out_22i      -0.000367113214452    -0.000072214606917

64      Out_11r      3.748729467391968    3.748706340789795
64      Out_11i      -0.007039274554700    -0.007038950920105
64      Out_12r      0.749999940395355    0.750487625598907
64      Out_12i      -0.000934146693908    -0.003029579995200
64      Out_21r      -0.256549954414368    -0.256586521863937
64      Out_21i      0.001134334946983    0.001134466263466
64      Out_22r      -0.251020014286041    -0.251919955015182
64      Out_22i      -0.000102053163573    -0.001317422254942

65      Out_11r      0.755610108375549    0.755619287490845
65      Out_11i      0.004200843628496    0.004200550261885
65      Out_12r      3.753200054168701    3.753214359283447
65      Out_12i      0.001011046697386    0.002966707805172
65      Out_21r      -0.241230010986328    -0.241216227412224
65      Out_21i      0.005921065341681    0.005921078845859
65      Out_22r      -1.250399589538574    -1.250052452087402
65      Out_22i      0.001237146672793    0.004054672084749

66      Out_11r      -0.232689857482910    -0.232725054025650
66      Out_11i      -0.015152266249061    -0.015152106992900
66      Out_12r      -0.247239962220192    -0.241565003991127
66      Out_12i      -0.001440046704374    0.000005876120213
66      Out_21r      0.752550005912781    0.752564668655396
66      Out_21i      -0.014688504859805    -0.014688385650516
66      Out_22r      -0.249800100922585    -0.246620774269104
66      Out_22i      -0.001965533010662    -0.004071441479027

67      Out_11r      0.745130062103271    0.745129525661469
67      Out_11i      -0.006229044403881    -0.006228751502931
67      Out_12r      0.749759972095490    0.750309765338898
67      Out_12i      -0.000710633175913    -0.002812714781612
67      Out_21r      0.757829785346985    0.757840812206268
67      Out_21i      0.009642655961215    0.009642677381635
67      Out_22r      -0.250080168247223    -0.250790029764175
67      Out_22i      0.001865566358902    0.004894477780908

68      Out_11r      -0.264389872550964    -0.264409810304642
68      Out_11i      0.003349265083671    0.003349251812324
68      Out_12r      -0.252599954605103    -0.254925936460495
68      Out_12i      0.000064266860136    -0.002167379716411
68      Out_21r      0.741090059280396    0.741085708141327
68      Out_21i      -0.010118145495653    -0.010117989964783
68      Out_22r      -0.251180052757263    -0.250886917114258
68      Out_22i      -0.001628612983041    -0.005131853744388

69      Out_11r      -0.244029939174652    -0.244018524885178
69      Out_11i      -0.013718083500862    -0.013718043453991
69      Out_12r      -0.249200090765953    -0.245865866541862
69      Out_12i      -0.001409653224982    -0.002402277896181
69      Out_21r      -0.244129985570908    -0.244137525558472
69      Out_21i      -0.008162675425410    -0.008162688463926
69      Out_22r      -1.249860048294067    -1.247678041458130
69      Out_22i      -0.000876573263668    -0.001004520338029

70      Out_11r      0.758909940719604    0.758882522583008
70      Out_11i      -0.004347844514996    -0.004347677808255
70      Out_12r      -1.249420166015625    -1.247293710708618
70      Out_12i      -0.000232826889260    0.000824738235679
70      Out_21r      -0.259029984474182    -0.259027779102325
70      Out_21i      0.008287092670798    0.008286993950605
70      Out_22r      -0.251160025596619    -0.253851950168610
70      Out_22i      0.000669766915962    -0.000011409845683

71      Out_11r      0.756230115890503    0.756219148635864
71      Out_11i      -0.005880923941731    -0.005880729760975
71      Out_12r      -0.249759852886200    -0.247731506824493
71      Out_12i      -0.000657026830595    0.000106125349703
71      Out_21r      -1.234369993209839    -1.234400987625122
71      Out_21i      -0.001469415379688    -0.001469258801080
71      Out_22r      -1.249000072479248    -1.246073722839355
71      Out_22i      0.000515573075972    0.004171788226813

72      Out_11r      -0.242310047149658    -0.242311105132103
72      Out_11i      -0.009309756569564    -0.009309699758887
72      Out_12r      0.751520216464996    0.754315316677094
72      Out_12i      -0.000966673367657    -0.001115548540838
72      Out_21r      0.737610042095184    0.737605273723602
72      Out_21i      -0.008214925415814    -0.008214882574975
72      Out_22r      0.748840034008026    0.748091161251068
72      Out_22i      -0.001640453119762    -0.005812853574753

73      Out_11r      0.739650011062622    0.739667952060699
73      Out_11i      0.010927954688668    0.010927856899798
73      Out_12r      -0.252139985561371    -0.255764991044998
73      Out_12i      0.001080533140339    0.000357259472366
73      Out_21r      0.744730055332184    0.744725823402405
73      Out_21i      0.006227825302631    0.006228021811694
73      Out_22r      -0.250560104846954    -0.252823293209076
73      Out_22i      0.000638526806142    0.000364938634448

74      Out_11r      -0.262730121612549    -0.262746989727020
74      Out_11i      0.005816785618663    0.005817077122629
74      Out_12r      -0.252499997615814    -0.255623012781143
74      Out_12i      0.000218426837819    -0.001239573466592
74      Out_21r      -0.239289864897728    -0.239330813288689
74      Out_21i      0.013853646814823    0.013853611424565
74      Out_22r      -1.250060081481934    -1.251294255256653
74      Out_22i      0.002316073048860    0.006864686496556

75      Out_11r      -0.253050088882446    -0.253008067607880
75      Out_11i      -0.006369264330715    -0.006369165144861
75      Out_12r      -1.251919746398926    -1.251160621643066
75      Out_12i      -0.001092586666346    -0.002552887191996
75      Out_21r      0.760550022125244    0.760559022426605
75      Out_21i      0.001451065647416    0.001451013726182
75      Out_22r      0.752139806747437    0.753301322460175
75      Out_22i      0.000804193434305    0.002999993506819

76      Out_11r      -0.263209998607635    -0.263201743364334
76      Out_11i      0.002970944624394    0.002971111796796
76      Out_12r      0.748919963836670    0.746036648750305
76      Out_12i      -0.000384253275115    -0.002589942654595
76      Out_21r      -1.248850226402283    -1.248838186264038
76      Out_21i      0.011252125725150    0.011251715011895
76      Out_22r      -0.249599993228912    -0.251344293355942
76      Out_22i      0.001456972793676    0.003760079387575

77      Out_11r      -0.249990016222000    -0.249966666102409
77      Out_11i      0.008809324353933    0.008809509687126
77      Out_12r      -0.250820159912109    -0.252631783485413
77      Out_12i      0.001516346703283    0.002767493715510
77      Out_21r      -0.270770013332367    -0.270742774009705
77      Out_21i      0.004214913118631    0.004214568994939
77      Out_22r      0.747980296611786    0.744034528732300
77      Out_22i      -0.000403646787163    -0.004423582926393

78      Out_11r      -0.245269879698753    -0.245271161198616
78      Out_11i      -0.003938815090805    -0.003938798792660
78      Out_12r      -1.249720096588135    -1.248398542404175
78      Out_12i      -0.000170386920217    0.000736512942240
78      Out_21r      -1.247629642486572    -1.247625350952148
78      Out_21i      -0.001601695665158    -0.001601755386218
78      Out_22r      -0.249980002641678    -0.249003037810326
78      Out_22i      0.000109133194201    0.000466917175800

79      Out_11r      -0.255109786987305    -0.255125045776367
79      Out_11i      0.002132324967533    0.002132136607543
79      Out_12r      0.751259863376617    0.750199317932129
79      Out_12i      0.000200446753297    -0.000452159438282
79      Out_21r      -1.259709954261780    -1.259685754776001
79      Out_21i      0.005038345698267    0.005038120318204
79      Out_22r      -0.251199901103973    -0.253624916076660
79      Out_22i      0.000368113222066    -0.000470591272460

80      Out_11r      -0.262169957160950    -0.262159556150436
80      Out_11i      -0.009320666082203    -0.009320893324912
80      Out_12r      -0.251339852809906    -0.251651436090469
80      Out_12i      -0.001911107101478    -0.006002436392009
80      Out_21r      0.756769895553589    0.756759941577911
80      Out_21i      -0.000950644840486    -0.000950675923377
80      Out_22r      -0.249300062656403    -0.247975319623947
80      Out_22i      0.000008686794899    0.001210775808431

81      Out_11r      -1.230749845504761    -1.230749607086182
81      Out_11i      0.010116502642632    0.010116435587406
81      Out_12r      -0.247800126671791    -0.246324554085732
81      Out_12i      0.002258293330669    0.008041506633162
81      Out_21r      0.740070104598999    0.740045487880707
81      Out_21i      -0.020414950326085    -0.020414920523763
81      Out_22r      -0.250879943370819    -0.248655185103416
81      Out_22i      -0.003393973689526    -0.009358464740217

82      Out_11r      -1.250430107116699    -1.250431060791016
82      Out_11i      0.007084624841809    0.007084674667567
82      Out_12r      -0.249979928135872    -0.251130521297455
82      Out_12i      0.000817193184048    0.002190232509747
82      Out_21r      -0.255829930305481    -0.255841553211212
82      Out_21i      0.017928356304765    0.017928171902895
82      Out_22r      -1.252260208129883    -1.256575703620911
82      Out_22i      0.002215966116637    0.003636132925749

83      Out_11r      -1.244729876518250    -1.244694590568542
83      Out_11i      0.006678253877908    0.006678374484181
83      Out_12r      -1.249279737472534    -1.249547719955444
83      Out_12i      0.001084326766431    0.003766619833186
83      Out_21r      -0.252610027790070    -0.252623558044434
83      Out_21i      0.007976894266903    0.007976910099387
83      Out_22r      -1.251179933547974    -1.252986311912537
83      Out_22i      0.000930166803300    0.001148034818470

84      Out_11r      -0.249270081520081    -0.249256953597069
84      Out_11i      -0.012934794649482    -0.012934645637870
84      Out_12r      -0.249799981713295    -0.247384622693062
84      Out_12i      -0.001772566582076    -0.004099282901734
84      Out_21r      -0.237450018525124    -0.237415656447411
84      Out_21i      -0.008754014037549    -0.008753905072808
84      Out_22r      -1.248560070991516    -1.245099544525146
84      Out_22i      -0.000644346699119    0.000351544324076

85      Out_11r      -0.253629922866821    -0.253629356622696
85      Out_11i      0.005264734383672    0.005264586303383
85      Out_12r      -0.251080036163330    -0.252820372581482
85      Out_12i      0.000471226696391    0.000569880183320
85      Out_21r      -0.243990093469620    -0.243938043713570
85      Out_21i      0.008313365280628    0.008313179016113
85      Out_22r      -0.249279990792274    -0.249674305319786
85      Out_22i      0.001262666773982    0.003687129123136

86      Out_11r      0.749889969825745    0.749863386154175
86      Out_11i      0.000502274720930    0.000502262206282
86      Out_12r      0.750619888305664    0.750554978847504
86      Out_12i      0.000002766842954    -0.000464351207484
86      Out_21r      -1.245410084724426    -1.245395541191101
86      Out_21i      -0.001912765088491    -0.001912759034894
86      Out_22r      -0.249419942498207    -0.248062640428543
86      Out_22i      -0.000078873243183    0.000331140734488

87      Out_11r      0.752209842205048    0.752176880836487
87      Out_11i      0.002976874355227    0.002976719290018
87      Out_12r      0.750659704208374    0.750446319580078
87      Out_12i      0.000467446865514    0.001275954768062
87      Out_21r      -0.259249985218048    -0.259281724691391
87      Out_21i      -0.003831395180896    -0.003831602400169
87      Out_22r      -0.251700013875961    -0.252209901809692
87      Out_22i      -0.000928653229494    -0.003251519752666

88      Out_11r      0.743129968643188    0.743148326873779
88      Out_11i      0.000577195431106    0.000577004684601
88      Out_12r      -0.252259850502014    -0.253692090511322
88      Out_12i      -0.000221506736125    -0.001790948561393
88      Out_21r      3.763129949569702    3.763089895248413
88      Out_21i      0.005282263737172    0.005282349418849
88      Out_22r      -0.248840138316154    -0.248354926705360
88      Out_22i      0.001278447336517    0.004546716809273

89      Out_11r      -0.248050212860107    -0.248056188225746
89      Out_11i      0.002910094335675    0.002909930422902
89      Out_12r      -1.250119924545288    -1.250701904296875
89      Out_12i      0.000416953116655    0.001257795142010
89      Out_21r      -0.239810034632683    -0.239806517958641
89      Out_21i      -0.005070055834949    -0.005070241633803
89      Out_22r      3.754399776458740    3.756886482238770
89      Out_22i      -0.000186526973266    0.000846031820402

90      Out_11r      -1.253690123558044    -1.253705501556396
90      Out_11i      0.007941674441099    0.007941811345518
90      Out_12r      -1.250899791717529    -1.252495884895325
90      Out_12i      0.000758106820285    0.001752993557602
90      Out_21r      -0.223050072789192    -0.223027557134628
90      Out_21i      -0.004605645779520    -0.004605779889971
90      Out_22r      -1.247240185737610    -1.242140650749207
90      Out_22i      0.000327453250065    0.005679583176970

91      Out_11r      -0.264349877834320    -0.264353126287460
91      Out_11i      -0.011024734005332    -0.011024881154299
91      Out_12r      -0.252179831266403    -0.252338349819183
91      Out_12i      -0.002107493113726    -0.006765304598957
91      Out_21r      0.748270153999329    0.748249948024750
91      Out_21i      0.003389815334231    0.003389856312424
91      Out_22r      0.750379800796509    0.749681711196899
91      Out_22i      0.000660366786178    0.000556482293177

92      Out_11r      3.757509469985962    3.757529735565186
92      Out_11i      -0.008941653184593    -0.008941435255110
92      Out_12r      -0.249259918928146    -0.246817082166672
92      Out_12i      -0.000763706921134    -0.001147879404016
92      Out_21r      0.755329847335815    0.755318403244019
92      Out_21i      -0.000954194110818    -0.000954444869421
92      Out_22r      -0.250439882278442    -0.249251976609230
92      Out_22i      0.000240793277044    0.000742633885238

93      Out_11r      -0.245990037918091    -0.245950177311897
93      Out_11i      0.003841785248369    0.003841590369120
93      Out_12r      3.753279685974121    3.753334283828735
93      Out_12i      0.000785093288869    0.002253344748169
93      Out_21r      -0.245749920606613    -0.245717704296112
93      Out_21i      -0.002591364551336    -0.002591606928036
93      Out_22r      -1.250960111618042    -1.249782800674438
93      Out_22i      -0.000263226567768    -0.000038904167013

94      Out_11r      -1.238929748535156    -1.238926172256470
94      Out_11i      -0.002146865706891    -0.002146843820810
94      Out_12r      -1.249079585075378    -1.246788024902344
94      Out_12i      0.000221766662435    0.002555238781497
94      Out_21r      -1.260169863700867    -1.260167002677917
94      Out_21i      0.022053034976125    0.022052969783545
94      Out_22r      -1.252880096435547    -1.258384466171265
94      Out_22i      0.002506746910512    0.003982964437455

95      Out_11r      -0.254790067672729    -0.254805147647858
95      Out_11i      0.000868715462275    0.000868689792696
95      Out_12r      -0.250820040702820    -0.251487910747528
95      Out_12i      0.000101073179394    -0.000469965540105
95      Out_21r      -0.260329902172089    -0.260323256254196
95      Out_21i      -0.013669084757566    -0.013668940402567
95      Out_22r      -0.251079916954041    -0.250044494867325
95      Out_22i      -0.002129773143679    -0.006282384041697

96      Out_11r      -0.254630029201508    -0.254632145166397
96      Out_11i      0.004297784995288    0.004297661129385
96      Out_12r      0.749880015850067    0.748635053634644
96      Out_12i      0.000440613279352    -0.000122737270431
96      Out_21r      -0.249690070748329    -0.249653011560440
96      Out_21i      -0.020857656374574    -0.020857693627477
96      Out_22r      -0.249379992485046    -0.245375663042068
96      Out_22i      -0.002680286765099    -0.006183088291436

97      Out_11r      -0.248930171132088    -0.248895674943924
97      Out_11i      -0.005134344566613    -0.005134494509548
97      Out_12r      -0.250739932060242    -0.249505326151848
97      Out_12i      -0.000644466839731    -0.001156062469818
97      Out_21r      -0.265150070190430    -0.265098899602890
97      Out_21i      0.012513893656433    0.012513660825789
97      Out_22r      -0.252239823341370    -0.256807833909988
97      Out_22i      0.001047193305567    -0.000223901370191

98      Out_11r      0.754790067672729    0.754775166511536
98      Out_11i      0.005809175316244    0.005809083115309
98      Out_12r      0.750239968299866    0.749852657318115
98      Out_12i      0.001003153272904    0.002544722752646
98      Out_21r      -1.251489877700806    -1.251517057418823
98      Out_21i      0.009661304764450    0.009661434218287
98      Out_22r      -1.251699924468994    -1.253783941268921
98      Out_22i      0.001204026746564    0.002703392179683

99      Out_11r      -0.274769723415375    -0.274753779172897
99      Out_11i      -0.004472004249692    -0.004471972584724
99      Out_12r      -0.253720045089722    -0.256498694419861
99      Out_12i      -0.001505106571130    -0.007251337636262
99      Out_21r      -0.259069979190826    -0.259053587913513
99      Out_21i      -0.008384164422750    -0.008384265936911
99      Out_22r      -0.251279979944229    -0.251093477010727
99      Out_22i      -0.001586186583154    -0.004743394907564

100      Out_11r      -0.258490025997162    -0.258479773998260
100      Out_11i      -0.004475255962461    -0.004475362598896
100      Out_12r      -0.251520037651062    -0.252399206161499
100      Out_12i      -0.001090753241442    -0.003718819236383
100      Out_21r      -0.260170042514801    -0.260145783424377
100      Out_21i      0.007673564832658    0.007673744577914
100      Out_22r      0.749779939651489    0.746829211711884
100      Out_22i      0.000526513205841    -0.000501782400534

101      Out_11r      -0.268549919128418    -0.268517285585403
101      Out_11i      0.008417335338891    0.008417216129601
101      Out_12r      -0.252240061759949    -0.256575077772141
101      Out_12i      0.000447006575996    -0.002641907660291
101      Out_21r      -0.247009918093681    -0.247007057070732
101      Out_21i      0.009357865899801    0.009357865899801
101      Out_22r      -0.250919997692108    -0.252319872379303
101      Out_22i      0.001431413344108    0.003741063177586

102      Out_11r      0.752969980239868    0.752937793731689
102      Out_11i      0.000846604933031    0.000846735085361
102      Out_12r      -1.251400232315063    -1.251002788543701
102      Out_12i      0.000084573170170    0.001096844207495
102      Out_21r      0.757910013198853    0.757900595664978
102      Out_21i      -0.005409855395555    -0.005409929435700
102      Out_22r      0.751620054244995    0.753743767738342
102      Out_22i      -0.000298686791211    0.000292106822599

103      Out_11r      -1.251310348510742    -1.251274228096008
103      Out_11i      -0.005240184720606    -0.005240234080702
103      Out_12r      -1.251179933547974    -1.250354290008545
103      Out_12i      -0.000884966400918    -0.001966940471902
103      Out_21r      -0.264429807662964    -0.264418840408325
103      Out_21i      0.007658705580980    0.007658442482352
103      Out_22r      -0.252120018005371    -0.255471050739288
103      Out_22i      0.000398213160224    -0.001299598719925

104      Out_11r      -0.249769896268845    -0.249747514724731
104      Out_11i      0.009739085100591    0.009739287197590
104      Out_12r      -0.250019907951355    -0.251418828964233
104      Out_12i      0.001166753238067    0.002962633501738
104      Out_21r      -0.272570013999939    -0.272554427385330
104      Out_21i      -0.000309704919346    -0.000309963856125
104      Out_22r      -0.253160059452057    -0.256877779960632
104      Out_22i      -0.001175373443402    -0.006116632837802

105      Out_11r      -1.251309871673584    -1.251297950744629
105      Out_11i      0.002851284574717    0.002851360710338
105      Out_12r      -0.250839978456497    -0.251619130373001
105      Out_12i      0.000560773245525    0.000703317287844
105      Out_21r      -0.250089973211288    -0.250078439712524
105      Out_21i      -0.000723236124031    -0.000723151315469
105      Out_22r      -0.250079989433289    -0.249766901135445
105      Out_22i      0.000102386809886    -0.000450499268482

106      Out_11r      0.735949873924255    0.735969781875610
106      Out_11i      0.000542165595107    0.000542090332601
106      Out_12r      -0.251559913158417    -0.254179418087006
106      Out_12i      -0.000462693191366    -0.003284261794761
106      Out_21r      0.753270030021667    0.753261685371399
106      Out_21i      -0.006740014534444    -0.006740011274815
106      Out_22r      -1.250580072402954    -1.248880147933960
106      Out_22i      -0.000928546767682    -0.001249339547940

107      Out_11r      -0.248009949922562    -0.247998222708702
107      Out_11i      0.011390405707061    0.011390308849514
107      Out_12r      -0.249460175633430    -0.251427501440048
107      Out_12i      0.001595746842213    0.003862859215587
107      Out_21r      -1.242869853973389    -1.242847442626953
107      Out_21i      0.001042455318384    0.001042442047037
107      Out_22r      -1.249759912490845    -1.248719453811646
107      Out_22i      0.000227853131946    0.002221162896603

108      Out_11r      -0.262789845466614    -0.262765258550644
108      Out_11i      0.002042214851826    0.002042009029537
108      Out_12r      -0.251379966735840    -0.253502666950226
108      Out_12i      -0.000143033394124    -0.002574866637588
108      Out_21r      -0.248250037431717    -0.248248934745789
108      Out_21i      -0.005660073366016    -0.005660068243742
108      Out_22r      -0.250020027160645    -0.248331382870674
108      Out_22i      -0.000864507048391    -0.001712772413157

109      Out_11r      -1.241809964179993    -1.241827964782715
109      Out_11i      0.001419344567694    0.001419281237759
109      Out_12r      -0.249539986252785    -0.248181954026222
109      Out_12i      0.000694233109243    0.002645002910867
109      Out_21r      -1.266609668731689    -1.266600847244263
109      Out_21i      0.003844975028187    0.003844940569252
109      Out_22r      -0.252580016851425    -0.255709320306778
109      Out_22i      -0.000114246751764    -0.003185029374436

110      Out_11r      -0.247490137815475    -0.247471705079079
110      Out_11i      -0.006106375250965    -0.006106379441917
110      Out_12r      -0.248999968171120    -0.247521907091141
110      Out_12i      -0.000872093136422    -0.001183045329526
110      Out_21r      0.726849853992462    0.726850628852844
110      Out_21i      -0.001072585931979    -0.001072617946193
110      Out_22r      -0.252820193767548    -0.256280332803726
110      Out_22i      -0.001104613766074    -0.006479666568339

111      Out_11r      -0.243890002369881    -0.243881776928902
111      Out_11i      -0.011037126183510    -0.011036963202059
111      Out_12r      0.752479910850525    0.755516111850739
111      Out_12i      -0.001286613172852    -0.001748069073074
111      Out_21r      -0.246989995241165    -0.246945858001709
111      Out_21i      0.005639747250825    0.005639999173582
111      Out_22r      -0.249279990792274    -0.250158905982971
111      Out_22i      0.001045006792992    0.002322828862816

112      Out_11r      0.754289984703064    0.754235327243805
112      Out_11i      -0.001500434824266    -0.001500577433035
112      Out_12r      -1.250860214233398    -1.250079751014709
112      Out_12i      -0.000312886782922    0.000140793272294
112      Out_21r      -0.246210008859634    -0.246183320879936
112      Out_21i      0.007223924621940    0.007223831024021
112      Out_22r      -0.249260023236275    -0.249648705124855
112      Out_22i      0.001218606601469    0.003185687586665

113      Out_11r      0.747650146484375    0.747624576091766
113      Out_11i      0.014067414216697    0.014067517593503
113      Out_12r      0.748899877071381    0.745731651782990
113      Out_12i      0.001604026765563    0.002794234314933
113      Out_21r      -1.239310026168823    -1.239325284957886
113      Out_21i      -0.002339205238968    -0.002339199185371
113      Out_22r      -0.248920038342476    -0.246349141001701
113      Out_22i      0.000184933436685    0.001735539291985

114      Out_11r      -0.252610027790070    -0.252659618854523
114      Out_11i      0.000721394433640    0.000721329008229
114      Out_12r      -0.250739932060242    -0.251155346632004
114      Out_12i      -0.000294973142445    -0.000597949838266
114      Out_21r      3.765269517898560    3.765276193618774
114      Out_21i      0.003377224318683    0.003377569140866
114      Out_22r      -0.248720005154610    -0.247515216469765
114      Out_22i      0.001173813245259    0.004501279909164

115      Out_11r      -0.253430068492889    -0.253386318683624
115      Out_11i      0.007452454883605    0.007452528458089
115      Out_12r      -1.252219915390015    -1.254492640495300
115      Out_12i      0.000774846761487    0.001521089463495
115      Out_21r      0.773989915847778    0.773986756801605
115      Out_21i      -0.011789754964411    -0.011789876967669
115      Out_22r      3.756140708923340    3.761943101882935
115      Out_22i      -0.000504066934809    0.002436746144667

116      Out_11r      0.750250101089478    0.750226199626923
116      Out_11i      -0.009187045507133    -0.009186848998070
116      Out_12r      -0.248959913849831    -0.247539922595024
116      Out_12i      -0.001285353093408    -0.002774742199108
116      Out_21r      0.760650038719177    0.760641813278198
116      Out_21i      -0.007741025183350    -0.007741054054350
116      Out_22r      -0.248879909515381    -0.245620265603065
116      Out_22i      -0.000726106751245    0.000428298517363

117      Out_11r      0.764310002326965    0.764302253723145
117      Out_11i      -0.004468703176826    -0.004468481522053
117      Out_12r      -0.248099938035011    -0.244901403784752
117      Out_12i      0.000116926792543    0.002664507133886
117      Out_21r      0.750169932842255    0.750174224376678
117      Out_21i      0.003224856685847    0.003224960993975
117      Out_22r      -0.250280022621155    -0.250559687614441
117      Out_22i      0.000800653477199    0.001676940475591

118      Out_11r      0.737069964408875    0.737055778503418
118      Out_11i      -0.007473795209080    -0.007473930250853
118      Out_12r      -0.252279877662659    -0.253180801868439
118      Out_12i      -0.001606332953088    -0.005614774301648
118      Out_21r      -0.249970048666000    -0.250023931264877
118      Out_21i      -0.002184755168855    -0.002184651559219
118      Out_22r      -0.250200033187866    -0.249691337347031
118      Out_22i      -0.000328786612954    -0.000772204424720

119      Out_11r      3.763069629669189    3.763045310974121
119      Out_11i      0.003753326833248    0.003753570374101
119      Out_12r      -1.249739885330200    -1.249119520187378
119      Out_12i      0.001040006987751    0.004030688665807
119      Out_21r      0.756690025329590    0.756721794605255
119      Out_21i      -0.003067424986511    -0.003067491808906
119      Out_22r      -0.249840110540390    -0.248475044965744
119      Out_22i      -0.000062273145886    0.000773438892793

120      Out_11r      -0.239870011806488    -0.239879086613655
120      Out_11i      -0.000385014922358    -0.000385077350074
120      Out_12r      3.754360198974609    3.756290197372437
120      Out_12i      0.000407666666433    0.002465836238116
120      Out_21r      -0.248310089111328    -0.248339757323265
120      Out_21i      0.014139934442937    0.014140017330647
120      Out_22r      -0.251200139522552    -0.253640502691269
120      Out_22i      0.001817653304897    0.004219323396683

121      Out_11r      -1.221810340881348    -1.221810102462769
121      Out_11i      -0.013277584686875    -0.013277537189424
121      Out_12r      -1.246379852294922    -1.239077806472778
121      Out_12i      -0.000466686469736    0.004023634828627
121      Out_21r      0.749509930610657    0.749552130699158
121      Out_21i      -0.000703823403455    -0.000703653437085
121      Out_22r      0.750559985637665    0.750683724880219
121      Out_22i      0.000148686827742    0.000219996712985

122      Out_11r      0.741890072822571    0.741853654384613
122      Out_11i      0.001037954934873    0.001038073794916
122      Out_12r      0.749299764633179    0.747696757316589
122      Out_12i      0.000046806817409    -0.001539424411021
122      Out_21r      -0.258469998836517    -0.258476525545120
122      Out_21i      -0.018955275416374    -0.018955208361149
122      Out_22r      0.749880135059357    0.751928985118866
122      Out_22i      -0.002850727178156    -0.008064788766205

123      Out_11r      0.750269889831543    0.750239431858063
123      Out_11i      0.002852044533938    0.002851938363165
123      Out_12r      -0.250459969043732    -0.251017451286316
123      Out_12i      0.000552626734134    0.000743983720895
123      Out_21r      0.736449837684631    0.736470580101013
123      Out_21i      0.012872954830527    0.012872621417046
123      Out_22r      -0.252319931983948    -0.256927788257599
123      Out_22i      0.001273146946914    0.000489461701363

124      Out_11r      -0.241209849715233    -0.241219416260719
124      Out_11i      -0.000638564932160    -0.000638749275822
124      Out_12r      -1.249880075454712    -1.248479723930359
124      Out_12i      0.000240193272475    0.001967560732737
124      Out_21r      -0.245250046253204    -0.245315954089165
124      Out_21i      -0.003344096709043    -0.003343829186633
124      Out_22r      -0.249859884381294    -0.248560905456543
124      Out_22i      -0.000457786547486    0.000154029607074

125      Out_11r      0.757430016994476    0.757433593273163
125      Out_11i      0.012670095078647    0.012670026160777
125      Out_12r      0.750759601593018    0.749410212039948
125      Out_12i      0.002106033265591    0.005252609495074
125      Out_21r      0.740849852561951    0.740881085395813
125      Out_21i      -0.015481924638152    -0.015481706708670
125      Out_22r      0.749300062656403    0.750704169273376
125      Out_22i      -0.002397892531008    -0.007086143828928

126      Out_11r      -1.259190082550049    -1.259173154830933
126      Out_11i      -0.000878584221937    -0.000878700055182
126      Out_12r      -0.251199960708618    -0.252371937036514
126      Out_12i      -0.000446346617537    -0.002191659528762
126      Out_21r      -0.269930005073547    -0.269923418760300
126      Out_21i      0.006725044455379    0.006725335028023
126      Out_22r      -0.252699911594391    -0.256731778383255
126      Out_22i      0.000150166801177    -0.002546424744651

127      Out_11r      -0.256690144538879    -0.256668090820312
127      Out_11i      0.000049364869483    0.000049170517741
127      Out_12r      0.749620139598846    0.748513102531433
127      Out_12i      -0.000319026526995    -0.002025769092143
127      Out_21r      -0.242109984159470    -0.242129936814308
127      Out_21i      0.000774124288000    0.000774316373281
127      Out_22r      -0.249380126595497    -0.248680412769318
127      Out_22i      0.000666226842441    0.002494847867638

128      Out_11r      -1.266089916229248    -1.266064286231995
128      Out_11i      0.007538874167949    0.007538612000644
128      Out_12r      -0.252139925956726    -0.255811244249344
128      Out_12i      0.000453753513284    -0.001724491245113
128      Out_21r      0.762029886245728    0.762007951736450
128      Out_21i      -0.015566877089441    -0.015566689893603
128      Out_22r      -1.248040199279785    -1.243402600288391
128      Out_22i      -0.001534666749649    -0.001427877694368

129      Out_11r      -1.260010004043579    -1.260009646415710
129      Out_11i      0.012624963186681    0.012624867260456
129      Out_12r      -0.252020061016083    -0.255747586488724
129      Out_12i      0.001381233450957    0.001875592512079
129      Out_21r      0.766569972038269    0.766554117202759
129      Out_21i      0.006249784026295    0.006249685306102
129      Out_22r      -0.248160004615784    -0.246703848242760
129      Out_22i      0.001246293657459    0.006057864520699

130      Out_11r      0.748329877853394    0.748333215713501
130      Out_11i      -0.007233283948153    -0.007233351934701
130      Out_12r      -0.250720024108887    -0.249610245227814
130      Out_12i      -0.001104132970795    -0.002977327443659
130      Out_21r      -0.256389915943146    -0.256385773420334
130      Out_21i      -0.005144207272679    -0.005144301336259
130      Out_22r      0.749879896640778    0.749836742877960
130      Out_22i      -0.001051293569617    -0.003513362258673

131      Out_11r      0.738550126552582    0.738546907901764
131      Out_11i      -0.005015796516091    -0.005015565548092
131      Out_12r      -0.250879943370819    -0.251742631196976
131      Out_12i      -0.001362712937407    -0.004683059174567
131      Out_21r      0.758110046386719    0.758106827735901
131      Out_21i      0.001787385088392    0.001787489629351
131      Out_22r      -0.249980047345161    -0.248956799507141
131      Out_22i      0.000735913170502    0.002548667835072

132      Out_11r      -0.240529879927635    -0.240538626909256
132      Out_11i      0.016934668645263    0.016934592276812
132      Out_12r      -1.250520110130310    -1.252485513687134
132      Out_12i      0.002890985924751    0.007524479646236
132      Out_21r      -0.262430012226105    -0.262423098087311
132      Out_21i      -0.001769834081642    -0.001769669353962
132      Out_22r      -0.251680016517639    -0.253500342369080
132      Out_22i      -0.000794693012722    -0.003585757222027

133      Out_11r      -0.243510037660599    -0.243504419922829
133      Out_11i      0.009591643698514    0.009591618552804
133      Out_12r      -1.249920129776001    -1.250885367393494
133      Out_12i      0.001572086592205    0.004343439824879
133      Out_21r      -0.244609907269478    -0.244581341743469
133      Out_21i      -0.000086624990217    -0.000086489068053
133      Out_22r      -1.250499725341797    -1.249525666236877
133      Out_22i      0.000020233215764    0.001635216060095

134      Out_11r      -0.238469794392586    -0.238468006253242
134      Out_11i      -0.003003355581313    -0.003003595629707
134      Out_12r      -1.248739957809448    -1.246368169784546
134      Out_12i      -0.000093606882729    0.001891574589536
134      Out_21r      -0.261689662933350    -0.261703193187714
134      Out_21i      -0.012428212910891    -0.012428243644536
134      Out_22r      0.748920083045959    0.749124109745026
134      Out_22i      -0.002415513154119    -0.007265348453075

135      Out_11r      -0.260569989681244    -0.260519981384277
135      Out_11i      0.003131654579192    0.003131357254460
135      Out_12r      -0.251399993896484    -0.253528267145157
135      Out_12i      -0.000098973396234    -0.002073425101116
135      Out_21r      -0.265289962291718    -0.265269577503204
135      Out_21i      0.009803013876081    0.009803089313209
135      Out_22r      -0.252559959888458    -0.256721973419189
135      Out_22i      0.000841326836962    -0.001120852888562

136      Out_11r      -1.247909545898438    -1.247898459434509
136      Out_11i      0.001845784601755    0.001845721504651
136      Out_12r      -0.250039935112000    -0.249895453453064
136      Out_12i      0.000430426822277    0.001240604557097
136      Out_21r      -0.254370093345642    -0.254390299320221
136      Out_21i      -0.005553564522415    -0.005553506780416
136      Out_22r      -1.250980138778687    -1.250499367713928
136      Out_22i      -0.000812306767330    -0.002458892064169

137      Out_11r      0.752589941024780    0.752572715282440
137      Out_11i      -0.011783834546804    -0.011783850379288
137      Out_12r      -0.248919934034348    -0.246328011155128
137      Out_12i      -0.001403393107466    -0.002948599867523
137      Out_21r      -0.254090011119843    -0.254072666168213
137      Out_21i      -0.003618335118517    -0.003618173301220
137      Out_22r      0.751439929008484    0.751467883586884
137      Out_22i      -0.000350293237716    -0.001992189791054

138      Out_11r      -0.248649984598160    -0.248614862561226
138      Out_11i      0.008633076213300    0.008633038960397
138      Out_12r      -0.249539688229561    -0.250972777605057
138      Out_12i      0.001261986210011    0.002991852583364
138      Out_21r      -0.245590195059776    -0.245577633380890
138      Out_21i      -0.004138956312090    -0.004139070864767
138      Out_22r      -0.249220013618469    -0.247797474265099
138      Out_22i      -0.000549466756638    -0.000241882502451

139      Out_11r      -0.260150015354156    -0.260168612003326
139      Out_11i      -0.007471876684576    -0.007471786346287
139      Out_12r      -1.252399802207947    -1.252578616142273
139      Out_12i      -0.001621206873097    -0.005287037696689
139      Out_21r      -1.228250145912170    -1.228246927261353
139      Out_21i      0.006357954349369    0.006357955280691
139      Out_22r      -0.247180178761482    -0.244491741061211
139      Out_22i      0.001748992945068    0.007132042665035

140      Out_11r      -0.231289997696877    -0.231293320655823
140      Out_11i      0.000967453350313    0.000967270229012
140      Out_12r      0.752699851989746    0.755564570426941
140      Out_12i      0.000903192791156    0.005476498976350
140      Out_21r      0.766849994659424    0.766822040081024
140      Out_21i      0.000639245845377    0.000639066158328
140      Out_22r      3.755219936370850    3.757800102233887
140      Out_22i      0.000685006845742    0.003965666051954

141      Out_11r      -0.272530138492584    -0.272515803575516
141      Out_11i      0.005775794852525    0.005775848403573
141      Out_12r      0.746580064296722    0.742051541805267
141      Out_12i      -0.000239606946707    -0.003965231589973
141      Out_21r      -0.234309956431389    -0.234282985329628
141      Out_21i      -0.009511485695839    -0.009511477313936
141      Out_22r      -0.247979938983917    -0.243303567171097
141      Out_22i      -0.000551446806639    0.001434677047655

142      Out_11r      -0.255670189857483    -0.255684286355972
142      Out_11i      -0.001730345073156    -0.001730381627567
142      Out_12r      -0.250079989433289    -0.251270562410355
142      Out_12i      -0.000362173421308    -0.001195171847939
142      Out_21r      -1.262969732284546    -1.262960314750671
142      Out_21i      0.003881675656885    0.003881651209667
142      Out_22r      -0.251960217952728    -0.254412651062012
142      Out_22i      0.000303733162582    -0.001669332967140

143      Out_11r      -0.253389954566956    -0.253414303064346
143      Out_11i      0.000490995007567    0.000491284648888
143      Out_12r      0.750960230827332    0.750539481639862
143      Out_12i      0.000036086828914    -0.000514263228979
143      Out_21r      -0.256230056285858    -0.256227731704712
143      Out_21i      0.014959366060793    0.014959110878408
143      Out_22r      -0.251100003719330    -0.254636019468307
143      Out_22i      0.001916206558235    0.002961709629744

144      Out_11r      -1.260489940643311    -1.260484337806702
144      Out_11i      0.000125544727780    0.000125297665363
144      Out_12r      -1.252959728240967    -1.254640221595764
144      Out_12i      -0.000462926866021    -0.001924628042616
144      Out_21r      -1.256409764289856    -1.256387948989868
144      Out_21i      -0.001124144415371    -0.001124214730226
144      Out_22r      -0.250759959220886    -0.251452505588531
144      Out_22i      -0.000412493071053    -0.002036903053522

145      Out_11r      3.770909547805786    3.770891189575195
145      Out_11i      -0.005543073173612    -0.005542884115130
145      Out_12r      0.753179907798767    0.756717145442963
145      Out_12i      0.000026233145036    0.002868688432500
145      Out_21r      -0.237510249018669    -0.237511277198792
145      Out_21i      0.018200635910034    0.018200438469648
145      Out_22r      -0.249000132083893    -0.250308066606522
145      Out_22i      0.003079127054662    0.008719386532903

146      Out_11r      -0.240790024399757    -0.240770787000656
146      Out_11i      0.001383265363984    0.001383040100336
146      Out_12r      3.753859996795654    3.755243539810181
146      Out_12i      0.000562812958378    0.002756209112704
146      Out_21r      -0.246589854359627    -0.246586278080940
146      Out_21i      -0.006272363942116    -0.006272279191762
146      Out_22r      0.751319944858551    0.753344476222992
146      Out_22i      -0.000695766648278    -0.001022228621878

147      Out_11r      0.765830039978027    0.765801548957825
147      Out_11i      -0.006057345308363    -0.006057417951524
147      Out_12r      0.752580165863037    0.756241321563721
147      Out_12i      -0.000386113300920    0.002196738030761
147      Out_21r      -0.240269884467125    -0.240249007940292
147      Out_21i      -0.012594495899975    -0.012594725005329
147      Out_22r      -0.249080002307892    -0.245290443301201
147      Out_22i      -0.001389946904965    -0.001389895449392

148      Out_11r      -0.252410054206848    -0.252404421567917
148      Out_11i      0.006966695655137    0.006966842804104
148      Out_12r      0.750400006771088    0.749091267585754
148      Out_12i      0.000991232926026    0.001752863056026
148      Out_21r      -0.258410096168518    -0.258405983448029
148      Out_21i      0.016564894467592    0.016564538702369
148      Out_22r      -0.252019882202148    -0.256487220525742
148      Out_22i      0.001638626796193    0.002168375998735

149      Out_11r      -1.248969912528992    -1.248985290527344
149      Out_11i      0.002379223238677    0.002379046287388
149      Out_12r      0.750400066375732    0.750472366809845
149      Out_12i      0.000358566700015    0.001394529244862
149      Out_21r      -0.252409994602203    -0.252437472343445
149      Out_21i      0.002081564627588    0.002081653801724
149      Out_22r      -1.252340078353882    -1.253159046173096
149      Out_22i      -0.000021193191060    0.000041156039515

150      Out_11r      -0.242610082030296    -0.242595225572586
150      Out_11i      -0.007553563918918    -0.007553819101304
150      Out_12r      0.751079797744751    0.753720283508301
150      Out_12i      -0.000509406789206    -0.000523000198882
150      Out_21r      -0.260509908199310    -0.260481178760529
150      Out_21i      -0.007069565821439    -0.007069390267134
150      Out_22r      0.749139964580536    0.748659908771515
150      Out_22i      -0.001322746393271    -0.005019876640290

151      Out_11r      -0.250270009040833    -0.250279724597931
151      Out_11i      0.015715314075351    0.015715224668384
151      Out_12r      -1.251840114593506    -1.254847884178162
151      Out_12i      0.001943713170476    0.004560512490571
151      Out_21r      -1.268529891967773    -1.268505811691284
151      Out_21i      0.001154524390586    0.001154811820015
151      Out_22r      -1.252719998359680    -1.255669116973877
151      Out_22i      -0.000751366780605    -0.003909596707672

152      Out_11r      -0.259389877319336    -0.259377121925354
152      Out_11i      -0.004723605699837    -0.004723619669676
152      Out_12r      0.749540090560913    0.748591601848602
152      Out_12i      -0.001043433323503    -0.003616472473368
152      Out_21r      -0.246230006217957    -0.246206879615784
152      Out_21i      0.015045289881527    0.015045375563204
152      Out_22r      0.750059962272644    0.747451961040497
152      Out_22i      0.002354613505304    0.005680733360350

153      Out_11r      -0.250829994678497    -0.250833481550217
153      Out_11i      -0.005029255524278    -0.005029471591115
153      Out_12r      -0.250400006771088    -0.249778613448143
153      Out_12i      -0.000751693150960    -0.002206081524491
153      Out_21r      -0.252790033817291    -0.252771377563477
153      Out_21i      -0.000479815178551    -0.000479642389109
153      Out_22r      0.751179873943329    0.750823974609375
153      Out_22i      0.000114026785013    -0.000493990082759

154      Out_11r      0.747290074825287    0.747318387031555
154      Out_11i      0.011394795030355    0.011394387111068
154      Out_12r      -0.251319944858551    -0.254009068012238
154      Out_12i      0.001273613306694    0.002110034693033
154      Out_21r      0.748330116271973    0.748319149017334
154      Out_21i      0.005472524557263    0.005472280085087
154      Out_22r      0.750580012798309    0.749330163002014
154      Out_22i      0.000654912961181    0.001402600668371

155      Out_11r      -0.255370020866394    -0.255406051874161
155      Out_11i      0.004171944689006    0.004171888343990
155      Out_12r      -0.250839948654175    -0.252355247735977
155      Out_12i      0.000272986886557    -0.000309918512357
155      Out_21r      -0.266669869422913    -0.266687661409378
155      Out_21i      -0.001314323977567    -0.001314492430538
155      Out_22r      0.748840034008026    0.746635198593140
155      Out_22i      -0.000903413281776    -0.004883438348770

156      Out_11r      -0.258909940719604    -0.258889108896255
156      Out_11i      -0.001432564924471    -0.001432546647266
156      Out_12r      -0.251380026340485    -0.252475649118423
156      Out_12i      -0.000648466579150    -0.003009809879586
156      Out_21r      -0.228629827499390    -0.228629484772682
156      Out_21i      0.006701202131808    0.006701184436679
156      Out_22r      -0.247900024056435    -0.245734617114067
156      Out_22i      0.001929873717017    0.007805177010596

157      Out_11r      -1.254829764366150    -1.254812240600586
157      Out_11i      0.003672305960208    0.003672445891425
157      Out_12r      -1.251280069351196    -1.252832293510437
157      Out_12i      0.000201393209863    0.000407878658734
157      Out_21r      -0.250470101833344    -0.250495851039886
157      Out_21i      -0.007630494888872    -0.007630377076566
157      Out_22r      0.750739991664886    0.752289175987244
157      Out_22i      -0.001205406733789    -0.002718631410971

158      Out_11r      -0.245709955692291    -0.245726242661476
158      Out_11i      0.012960346415639    0.012960416264832
158      Out_12r      0.750639796257019    0.748864293098450
158      Out_12i      0.001998406369239    0.004986664280295
158      Out_21r      0.762450218200684    0.762460768222809
158      Out_21i      0.004770155530423    0.004770304076374
158      Out_22r      -0.248599842190742    -0.247793957591057
158      Out_22i      0.000973526795860    0.004503902047873

159      Out_11r      -1.258649945259094    -1.258614897727966
159      Out_11i      -0.003577555064112    -0.003577511059120
159      Out_12r      0.749840080738068    0.749459087848663
159      Out_12i      -0.000627346744295    -0.002755519002676
159      Out_21r      -0.239789754152298    -0.239822700619698
159      Out_21i      -0.015404533594847    -0.015404436737299
159      Out_22r      -0.248100027441978    -0.243359699845314
159      Out_22i      -0.001686053234152    -0.002524116542190

160      Out_11r      -0.241170004010201    -0.241176769137383
160      Out_11i      0.002888603601605    0.002888283692300
160      Out_12r      -0.248040020465851    -0.247116848826408
160      Out_12i      0.000773333129473    0.003433212870732
160      Out_21r      -0.257610023021698    -0.257608890533447
160      Out_21i      0.019803313538432    0.019803237169981
160      Out_22r      -0.252220153808594    -0.256675243377686
160      Out_22i      0.002305173315108    0.004021037835628

161      Out_11r      -0.265029966831207    -0.264995098114014
161      Out_11i      0.002404255792499    0.002404123311862
161      Out_12r      -0.251979827880859    -0.254999876022339
161      Out_12i      -0.000360846985132    -0.003470959374681
161      Out_21r      -0.252530157566071    -0.252557277679443
161      Out_21i      -0.014334008097649    -0.014333803206682
161      Out_22r      0.751079916954041    0.753503382205963
161      Out_22i      -0.002014573663473    -0.005192610435188

162      Out_11r      -0.248789921402931    -0.248819917440414
162      Out_11i      -0.000797915505245    -0.000798004854005
162      Out_12r      -0.250719845294952    -0.250443041324615
162      Out_12i      -0.000271233206149    0.000100169578218
162      Out_21r      -0.236429974436760    -0.236379295587540
162      Out_21i      -0.001493395655416    -0.001493258983828
162      Out_22r      -1.248519897460938    -1.246217370033264
162      Out_22i      0.000623373023700    0.003404248273000

163      Out_11r      -0.239289939403534    -0.239282652735710
163      Out_11i      0.006058845203370    0.006058782339096
163      Out_12r      0.751699924468994    0.752236008644104
163      Out_12i      0.001353766652755    0.004293431993574
163      Out_21r      -0.249770015478134    -0.249777182936668
163      Out_21i      -0.001882836106233    -0.001882785581984
163      Out_22r      -0.250579953193665    -0.250117093324661
163      Out_22i      -0.000597446982283    -0.000788672768977

164      Out_11r      -0.256210029125214    -0.256236851215363
164      Out_11i      -0.006039124447852    -0.006038913968951
164      Out_12r      -0.250279903411865    -0.250038951635361
164      Out_12i      -0.001295253285207    -0.003022488439456
164      Out_21r      -1.232829928398132    -1.232811689376831
164      Out_21i      -0.010707966051996    -0.010707930661738
164      Out_22r      -0.247820109128952    -0.243052005767822
164      Out_22i      -0.000604253204074    0.001316740061156

165      Out_11r      0.763929724693298    0.763882040977478
165      Out_11i      0.004846074152738    0.004845965187997
165      Out_12r      -0.248979926109314    -0.247794002294540
165      Out_12i      0.001023646094836    0.004768868442625
165      Out_21r      -0.243769824504852    -0.243770346045494
165      Out_21i      -0.001070405473001    -0.001070440048352
165      Out_22r      0.751340091228485    0.752804994583130
165      Out_22i      0.000083626611740    0.001366373151541

166      Out_11r      -1.264009714126587    -1.263987302780151
166      Out_11i      0.011487615294755    0.011487411335111
166      Out_12r      -0.253019988536835    -0.257133573293686
166      Out_12i      0.000906613073312    0.000134935748065
166      Out_21r      -0.251489937305450    -0.251511007547379
166      Out_21i      0.003783817868680    0.003783996682614
166      Out_22r      -0.251020014286041    -0.251818299293518
166      Out_22i      0.000661193160340    0.001534249866381

167      Out_11r      -0.258170008659363    -0.258163273334503
167      Out_11i      0.003966394811869    0.003966243937612
167      Out_12r      0.750460088253021    0.748103439807892
167      Out_12i      0.000252946862020    -0.000963220431004
167      Out_21r      -0.252290070056915    -0.252318084239960
167      Out_21i      0.001886585028842    0.001886588521302
167      Out_22r      0.749579966068268    0.749049842357635
167      Out_22i      0.000177846755832    0.000045595592383

----------------------------------------------
   RMSE(R)  
0.001652569510043
----------------------------------------------
*******************************************
PASS: The output matches the golden output!
*******************************************
The maximum depth reached by any of the 1188 hls::stream() instances in the design is 1
INFO: [SIM 211-1] CSim done with 0 errors.
INFO: [SIM 211-3] *************** CSIM finish ***************
INFO: [HLS 200-111] Finished Command csim_design CPU user time: 4.18 seconds. CPU system time: 0.53 seconds. Elapsed time: 4.95 seconds; current allocated memory: 209.231 MB.
