#-----------------------------------------------------------
# Vivado v2020.2 (64-bit)
# SW Build 3064766 on Wed Nov 18 09:12:47 MST 2020
# IP Build 3064653 on Wed Nov 18 14:17:31 MST 2020
# Start of session at: Thu Jun  2 15:43:49 2022
# Process ID: 7846
# Current directory: /home/jhigh/Capstone_Project/main/HARDWARE/HLS_Pjts/PSS_FFTS_SSS/SSS_core/hls/solution1/impl/ip
# Command line: vivado -notrace -mode batch -source run_ippack.tcl
# Log file: /home/jhigh/Capstone_Project/main/HARDWARE/HLS_Pjts/PSS_FFTS_SSS/SSS_core/hls/solution1/impl/ip/vivado.log
# Journal file: /home/jhigh/Capstone_Project/main/HARDWARE/HLS_Pjts/PSS_FFTS_SSS/SSS_core/hls/solution1/impl/ip/vivado.jou
#-----------------------------------------------------------
source run_ippack.tcl -notrace
INFO: [IP_Flow 19-234] Refreshing IP repositories
INFO: [IP_Flow 19-1704] No user IP repositories specified
INFO: [IP_Flow 19-2313] Loaded Vivado IP repository '/tools/Xilinx/Vivado/2020.2/data/ip'.
create_ip: Time (s): cpu = 00:00:04 ; elapsed = 00:00:10 . Memory (MB): peak = 2422.453 ; gain = 43.008 ; free physical = 4046 ; free virtual = 42908
INFO: [IP_Flow 19-1686] Generating 'Synthesis' target for IP 'FAcc'...
INFO: [IP_Flow 19-1686] Generating 'Simulation' target for IP 'FAcc'...
WARNING: [IP_Flow 19-4832] The IP name 'sss_corr_ap_faddfsub_1_full_dsp_32' you have specified is long. The Windows operating system has path length limitations. It is recommended you use shorter names to reduce the likelihood of issues.
INFO: [IP_Flow 19-1686] Generating 'Synthesis' target for IP 'sss_corr_ap_faddfsub_1_full_dsp_32'...
INFO: [IP_Flow 19-1686] Generating 'Simulation' target for IP 'sss_corr_ap_faddfsub_1_full_dsp_32'...
WARNING: [IP_Flow 19-4832] The IP name 'sss_corr_ap_fmul_0_max_dsp_32' you have specified is long. The Windows operating system has path length limitations. It is recommended you use shorter names to reduce the likelihood of issues.
INFO: [IP_Flow 19-1686] Generating 'Synthesis' target for IP 'sss_corr_ap_fmul_0_max_dsp_32'...
INFO: [IP_Flow 19-1686] Generating 'Simulation' target for IP 'sss_corr_ap_fmul_0_max_dsp_32'...
WARNING: [IP_Flow 19-4832] The IP name 'sss_corr_ap_fsqrt_4_no_dsp_32' you have specified is long. The Windows operating system has path length limitations. It is recommended you use shorter names to reduce the likelihood of issues.
INFO: [IP_Flow 19-1686] Generating 'Synthesis' target for IP 'sss_corr_ap_fsqrt_4_no_dsp_32'...
INFO: [IP_Flow 19-1686] Generating 'Simulation' target for IP 'sss_corr_ap_fsqrt_4_no_dsp_32'...
INFO: [IP_Flow 19-234] Refreshing IP repositories
INFO: [IP_Flow 19-1704] No user IP repositories specified
INFO: [IP_Flow 19-2313] Loaded Vivado IP repository '/tools/Xilinx/Vivado/2020.2/data/ip'.
INFO: [Common 17-206] Exiting Vivado at Thu Jun  2 15:44:23 2022...
